AutoSender iniciado: 2025-07-12 06:55:08.326215
AutoSender iniciado: 2025-07-12 00:00:13.166431
AutoSender iniciado: 2025-07-12 00:05:06.866810
AutoSender iniciado: 2025-07-12 00:10:08.199280
AutoSender iniciado: 2025-07-12 00:15:06.797826
Traceback (most recent call last):
  File "advertising_cron.py", line 7, in <module>
    from advertising_system.auto_sender import AutoSender
  File "/home/serverbussn/prueba.sdpro.shop/advertising_system/__init__.py", line 1, in <module>
    from .ad_manager import AdvertisingManager
  File "/home/serverbussn/prueba.sdpro.shop/advertising_system/ad_manager.py", line 6, in <module>
    from .scheduler import CampaignScheduler
  File "/home/serverbussn/prueba.sdpro.shop/advertising_system/scheduler.py", line 75
    now = datetime.now()
      ^
IndentationError: expected an indented block
Traceback (most recent call last):
  File "advertising_cron.py", line 7, in <module>
    from advertising_system.auto_sender import AutoSender
  File "/home/serverbussn/prueba.sdpro.shop/advertising_system/__init__.py", line 1, in <module>
    from .ad_manager import AdvertisingManager
  File "/home/serverbussn/prueba.sdpro.shop/advertising_system/ad_manager.py", line 6, in <module>
    from .scheduler import CampaignScheduler
  File "/home/serverbussn/prueba.sdpro.shop/advertising_system/scheduler.py", line 75
    now = datetime.now()
      ^
IndentationError: expected an indented block
AutoSender iniciado: 2025-07-12 00:30:09.422075
AutoSender iniciado: 2025-07-12 00:35:06.862306
AutoSender iniciado: 2025-07-12 00:40:08.592257
AutoSender iniciado: 2025-07-12 00:45:10.272786
AutoSender iniciado: 2025-07-12 00:50:07.901332
AutoSender iniciado: 2025-07-12 00:55:08.061114
AutoSender iniciado: 2025-07-12 01:00:06.398597
AutoSender iniciado: 2025-07-12 01:05:08.309124
AutoSender iniciado: 2025-07-12 01:10:31.686218
AutoSender iniciado: 2025-07-12 01:15:07.372980
AutoSender iniciado: 2025-07-12 01:20:33.126323
AutoSender iniciado: 2025-07-12 01:25:06.893885
AutoSender iniciado: 2025-07-12 08:30:10.333229
Resultado: False
AutoSender iniciado: 2025-07-12 08:35:07.888155
Resultado: False
AutoSender iniciado: 2025-07-12 01:40:33.432572
Resultado: True
AutoSender iniciado: 2025-07-12 01:45:09.384150
Resultado: False
AutoSender iniciado: 2025-07-12 01:50:07.286679
Resultado: False
AutoSender iniciado: 2025-07-12 01:55:06.534919
Resultado: False
AutoSender iniciado: 2025-07-12 02:00:08.488570
Resultado: False
AutoSender iniciado: 2025-07-12 02:05:33.486100
Resultado: False
AutoSender iniciado: 2025-07-12 02:10:06.902875
Resultado: False
AutoSender iniciado: 2025-07-12 02:15:09.903074
Resultado: False
AutoSender iniciado: 2025-07-12 02:20:31.786202
Resultado: False
AutoSender iniciado: 2025-07-12 02:25:09.650440
Resultado: True
AutoSender iniciado: 2025-07-12 02:30:09.154230
Resultado: False
AutoSender iniciado: 2025-07-12 02:35:09.469268
Resultado: False
AutoSender iniciado: 2025-07-12 02:40:07.497289
Resultado: False
AutoSender iniciado: 2025-07-12 02:45:09.707950
Resultado: False
AutoSender iniciado: 2025-07-12 02:50:07.764428
Resultado: False
AutoSender iniciado: 2025-07-12 02:55:31.571483
Resultado: False
AutoSender iniciado: 2025-07-12 03:00:07.325236
Resultado: False
AutoSender iniciado: 2025-07-12 03:05:07.632446
Resultado: False
AutoSender iniciado: 2025-07-12 03:10:08.549256
Resultado: False
AutoSender iniciado: 2025-07-12 03:15:08.378454
Resultado: False
AutoSender iniciado: 2025-07-12 03:20:10.520557
Resultado: False
AutoSender iniciado: 2025-07-12 03:25:09.368616
Resultado: False
AutoSender iniciado: 2025-07-12 03:30:31.587317
Resultado: False
AutoSender iniciado: 2025-07-12 03:35:06.560547
Resultado: False
AutoSender iniciado: 2025-07-12 03:40:08.923916
Resultado: False
AutoSender iniciado: 2025-07-12 03:45:08.198569
Resultado: False
AutoSender iniciado: 2025-07-12 03:50:07.908948
Resultado: False
AutoSender iniciado: 2025-07-12 03:55:09.054596
Resultado: False
AutoSender iniciado: 2025-07-12 04:00:08.794073
Resultado: False
AutoSender iniciado: 2025-07-12 04:05:10.175176
Resultado: False
AutoSender iniciado: 2025-07-12 04:10:12.090227
Resultado: False
AutoSender iniciado: 2025-07-12 04:15:09.221648
Resultado: False
AutoSender iniciado: 2025-07-12 04:20:09.675748
Resultado: False
AutoSender iniciado: 2025-07-12 04:25:09.567374
Resultado: False
AutoSender iniciado: 2025-07-12 04:30:10.174825
Resultado: False
AutoSender iniciado: 2025-07-12 04:35:12.055899
Resultado: False
AutoSender iniciado: 2025-07-12 04:40:09.516980
Resultado: False
AutoSender iniciado: 2025-07-12 04:45:08.280547
Resultado: False
AutoSender iniciado: 2025-07-12 04:50:07.273291
Resultado: False
AutoSender iniciado: 2025-07-12 04:55:11.598241
Resultado: False
AutoSender iniciado: 2025-07-12 05:00:11.134752
Resultado: False
AutoSender iniciado: 2025-07-12 05:05:31.580398
Resultado: False
AutoSender iniciado: 2025-07-12 05:10:10.500951
Resultado: False
AutoSender iniciado: 2025-07-12 05:15:32.694092
Resultado: False
AutoSender iniciado: 2025-07-12 05:20:11.097288
Resultado: False
AutoSender iniciado: 2025-07-12 05:25:06.979665
Resultado: False
AutoSender iniciado: 2025-07-12 05:30:10.667332
Resultado: False
AutoSender iniciado: 2025-07-12 05:35:08.956226
Resultado: False
AutoSender iniciado: 2025-07-12 05:40:09.730884
Resultado: False
AutoSender iniciado: 2025-07-12 05:45:12.345035
Resultado: False
AutoSender iniciado: 2025-07-12 05:50:32.407882
Resultado: False
AutoSender iniciado: 2025-07-12 05:55:07.377558
Resultado: False
AutoSender iniciado: 2025-07-12 06:00:05.882283
Resultado: False
AutoSender iniciado: 2025-07-12 06:05:09.197491
Resultado: False
AutoSender iniciado: 2025-07-12 06:10:09.804472
Resultado: False
AutoSender iniciado: 2025-07-12 06:15:09.084516
Resultado: False
AutoSender iniciado: 2025-07-12 06:20:34.103671
Resultado: False
AutoSender iniciado: 2025-07-12 06:25:34.758613
Resultado: False
AutoSender iniciado: 2025-07-12 06:30:35.204685
Resultado: False
AutoSender iniciado: 2025-07-12 06:35:35.261629
Resultado: False
AutoSender iniciado: 2025-07-12 06:40:33.906706
Resultado: False
AutoSender iniciado: 2025-07-12 06:45:07.317159
Resultado: False
AutoSender iniciado: 2025-07-12 06:50:31.907910
Resultado: False
AutoSender iniciado: 2025-07-12 06:55:07.901661
Resultado: False
AutoSender iniciado: 2025-07-12 07:00:06.573941
Resultado: False
AutoSender iniciado: 2025-07-12 07:05:07.616964
Resultado: False
AutoSender iniciado: 2025-07-12 07:10:08.253795
Resultado: False
AutoSender iniciado: 2025-07-12 07:15:07.789728
Resultado: False
AutoSender iniciado: 2025-07-12 07:20:05.922012
Resultado: False
AutoSender iniciado: 2025-07-12 07:25:06.672645
Resultado: False
AutoSender iniciado: 2025-07-12 07:30:09.518690
Resultado: False
AutoSender iniciado: 2025-07-12 07:35:06.782993
Resultado: False
AutoSender iniciado: 2025-07-12 07:40:09.563244
Resultado: False
AutoSender iniciado: 2025-07-12 07:45:07.093145
Resultado: False
AutoSender iniciado: 2025-07-12 07:50:06.028888
Resultado: False
AutoSender iniciado: 2025-07-12 07:55:08.614843
Resultado: False
AutoSender iniciado: 2025-07-12 08:00:36.126588
Resultado: False
AutoSender iniciado: 2025-07-12 08:05:08.212372
Resultado: False
AutoSender iniciado: 2025-07-12 08:10:31.599714
Resultado: False
AutoSender iniciado: 2025-07-12 08:15:08.693594
Resultado: False
AutoSender iniciado: 2025-07-12 08:20:31.709321
Resultado: False
AutoSender iniciado: 2025-07-12 08:25:07.034131
Resultado: False
AutoSender iniciado: 2025-07-12 08:30:33.364274
Resultado: False
AutoSender iniciado: 2025-07-12 08:35:33.543918
Resultado: False
AutoSender iniciado: 2025-07-12 08:40:06.640306
Resultado: False
AutoSender iniciado: 2025-07-12 08:45:06.778926
Resultado: False
AutoSender iniciado: 2025-07-12 08:50:08.072596
Resultado: False
AutoSender iniciado: 2025-07-12 08:55:07.061081
Resultado: False
AutoSender iniciado: 2025-07-12 09:00:07.208784
Resultado: True
AutoSender iniciado: 2025-07-12 09:05:05.982749
Resultado: False
AutoSender iniciado: 2025-07-12 09:10:07.702941
Resultado: False
AutoSender iniciado: 2025-07-12 09:15:07.744052
Resultado: False
AutoSender iniciado: 2025-07-12 09:20:09.369575
Resultado: False
AutoSender iniciado: 2025-07-12 09:25:08.912290
Resultado: False
AutoSender iniciado: 2025-07-12 09:30:07.397539
Resultado: False
AutoSender iniciado: 2025-07-12 09:35:08.699457
Resultado: False
AutoSender iniciado: 2025-07-12 09:40:07.051807
Resultado: False
AutoSender iniciado: 2025-07-12 09:45:08.133006
Resultado: False
AutoSender iniciado: 2025-07-12 09:50:06.737682
Resultado: False
AutoSender iniciado: 2025-07-12 09:55:09.190510
Resultado: False
AutoSender iniciado: 2025-07-12 10:00:07.698344
Resultado: False
AutoSender iniciado: 2025-07-12 10:05:10.010695
Resultado: False
AutoSender iniciado: 2025-07-12 10:10:09.988946
Resultado: False
AutoSender iniciado: 2025-07-12 10:15:09.092261
Resultado: False
AutoSender iniciado: 2025-07-12 10:20:32.048043
Resultado: False
AutoSender iniciado: 2025-07-12 10:25:35.287040
Resultado: False
AutoSender iniciado: 2025-07-12 10:30:06.519470
Resultado: False
AutoSender iniciado: 2025-07-12 10:35:07.929557
Resultado: False
AutoSender iniciado: 2025-07-12 10:40:06.563309
Resultado: False
AutoSender iniciado: 2025-07-12 10:45:06.338855
Resultado: False
AutoSender iniciado: 2025-07-12 10:50:09.292395
Resultado: False
AutoSender iniciado: 2025-07-12 10:55:05.934318
Resultado: False
AutoSender iniciado: 2025-07-12 11:00:31.523736
Resultado: False
AutoSender iniciado: 2025-07-12 11:05:08.106474
Resultado: False
AutoSender iniciado: 2025-07-12 11:10:07.257841
Resultado: False
AutoSender iniciado: 2025-07-12 11:15:07.812279
Resultado: False
AutoSender iniciado: 2025-07-12 11:20:31.621106
Resultado: False
AutoSender iniciado: 2025-07-12 11:25:06.239356
Resultado: False
AutoSender iniciado: 2025-07-12 11:30:05.500761
Resultado: False
AutoSender iniciado: 2025-07-12 11:35:09.720975
Resultado: False
AutoSender iniciado: 2025-07-12 11:40:07.688776
Resultado: False
AutoSender iniciado: 2025-07-12 11:45:07.054596
Resultado: False
AutoSender iniciado: 2025-07-12 11:50:32.849209
Resultado: False
AutoSender iniciado: 2025-07-12 11:55:34.036604
Resultado: False
AutoSender iniciado: 2025-07-12 12:00:07.819503
Resultado: False
AutoSender iniciado: 2025-07-12 12:05:07.564517
Resultado: False
AutoSender iniciado: 2025-07-12 12:10:31.501576
Resultado: False
AutoSender iniciado: 2025-07-12 12:15:06.196899
Resultado: False
AutoSender iniciado: 2025-07-12 12:20:33.043337
Resultado: False
AutoSender iniciado: 2025-07-12 12:25:31.636539
Resultado: False
AutoSender iniciado: 2025-07-12 12:30:31.569289
Resultado: False
AutoSender iniciado: 2025-07-12 12:35:07.550227
Resultado: False
AutoSender iniciado: 2025-07-12 12:40:06.113345
Resultado: False
AutoSender iniciado: 2025-07-12 12:45:08.645115
Resultado: False
AutoSender iniciado: 2025-07-12 12:50:06.381457
Resultado: False
AutoSender iniciado: 2025-07-12 12:55:07.947497
Resultado: False
AutoSender iniciado: 2025-07-12 13:00:06.912220
Resultado: False
AutoSender iniciado: 2025-07-12 13:05:32.449804
Resultado: False
AutoSender iniciado: 2025-07-12 13:10:07.255536
Resultado: False
AutoSender iniciado: 2025-07-12 13:15:31.660294
Resultado: False
AutoSender iniciado: 2025-07-12 13:20:35.563222
Resultado: False
AutoSender iniciado: 2025-07-12 13:25:37.138333
Resultado: False
AutoSender iniciado: 2025-07-12 13:30:06.205316
Resultado: False
AutoSender iniciado: 2025-07-12 13:35:32.214744
Resultado: False
AutoSender iniciado: 2025-07-12 13:40:32.317249
Resultado: False
AutoSender iniciado: 2025-07-12 13:45:06.278400
Resultado: False
AutoSender iniciado: 2025-07-12 13:50:09.052456
Resultado: False
AutoSender iniciado: 2025-07-12 13:55:07.625882
Resultado: False
AutoSender iniciado: 2025-07-12 14:00:06.887801
Resultado: False
AutoSender iniciado: 2025-07-12 14:05:31.529865
Resultado: False
AutoSender iniciado: 2025-07-12 14:10:08.054761
Resultado: False
AutoSender iniciado: 2025-07-12 14:15:31.874666
Resultado: False
AutoSender iniciado: 2025-07-12 14:20:31.497431
Resultado: False
AutoSender iniciado: 2025-07-12 14:25:07.688791
Resultado: False
AutoSender iniciado: 2025-07-12 14:30:08.052650
Resultado: False
AutoSender iniciado: 2025-07-12 14:35:06.458637
Resultado: False
AutoSender iniciado: 2025-07-12 14:40:31.421483
Resultado: False
AutoSender iniciado: 2025-07-12 14:45:06.030836
Resultado: False
AutoSender iniciado: 2025-07-12 14:50:08.099555
Resultado: False
AutoSender iniciado: 2025-07-12 14:55:07.353389
Resultado: False
AutoSender iniciado: 2025-07-12 15:00:31.472931
Resultado: False
AutoSender iniciado: 2025-07-12 15:05:07.177503
Resultado: False
AutoSender iniciado: 2025-07-12 15:10:05.995656
Resultado: False
AutoSender iniciado: 2025-07-12 15:15:11.231682
Resultado: False
AutoSender iniciado: 2025-07-12 15:20:33.553103
Resultado: False
AutoSender iniciado: 2025-07-12 15:25:08.907713
Resultado: False
AutoSender iniciado: 2025-07-12 15:30:07.819209
Resultado: False
AutoSender iniciado: 2025-07-12 15:35:09.209248
Resultado: False
AutoSender iniciado: 2025-07-12 15:40:07.092222
Resultado: False
