🚀 Advertising Daemon iniciado: 2025-07-13 06:41:04.311239
⏰ Ejecutando advertising_cron.py: 2025-07-13 06:41:04.312148
✅ Advertising ejecutado correctamente
   Output: AutoSender iniciado: 2025-07-13 06:41:05.134376
😴 Esperando 60 segundos...
⏰ Ejecutando advertising_cron.py: 2025-07-13 06:42:05.298220
✅ Advertising ejecutado correctamente
   Output: AutoSender iniciado: 2025-07-13 06:42:05.637266
😴 Esperando 60 segundos...
⏰ Ejecutando advertising_cron.py: 2025-07-13 06:43:05.703709
✅ Advertising ejecutado correctamente
   Output: AutoSender iniciado: 2025-07-13 06:43:06.264899
😴 Esperando 60 segundos...
🚀 Advertising Daemon iniciado: 2025-07-13 06:43:14.910989
⏰ Ejecutando advertising_cron.py: 2025-07-13 06:43:14.911591
✅ Advertising ejecutado correctamente
   Output: AutoSender iniciado: 2025-07-13 06:43:15.254199
😴 Esperando 60 segundos...
⏰ Ejecutando advertising_cron.py: 2025-07-13 06:44:15.334125
✅ Advertising ejecutado correctamente
   Output: AutoSender iniciado: 2025-07-13 06:44:15.681461
😴 Esperando 60 segundos...
⏰ Ejecutando advertising_cron.py: 2025-07-13 06:45:15.772344
✅ Advertising ejecutado correctamente
   Output: AutoSender iniciado: 2025-07-13 06:45:16.083202
😴 Esperando 60 segundos...
⏰ Ejecutando advertising_cron.py: 2025-07-13 06:46:16.152978
✅ Advertising ejecutado correctamente
   Output: AutoSender iniciado: 2025-07-13 06:46:16.709376
😴 Esperando 60 segundos...
⏰ Ejecutando advertising_cron.py: 2025-07-13 06:47:16.846587
✅ Advertising ejecutado correctamente
   Output: AutoSender iniciado: 2025-07-13 06:47:17.216069
😴 Esperando 60 segundos...
⏰ Ejecutando advertising_cron.py: 2025-07-13 06:48:17.331610
✅ Advertising ejecutado correctamente
   Output: AutoSender iniciado: 2025-07-13 06:48:17.752887
😴 Esperando 60 segundos...
⏰ Ejecutando advertising_cron.py: 2025-07-13 06:49:17.864035
✅ Advertising ejecutado correctamente
   Output: AutoSender iniciado: 2025-07-13 06:49:18.151044
😴 Esperando 60 segundos...
⏰ Ejecutando advertising_cron.py: 2025-07-13 06:50:18.201460
✅ Advertising ejecutado correctamente
   Output: AutoSender iniciado: 2025-07-13 06:50:18.587717
😴 Esperando 60 segundos...
⏰ Ejecutando advertising_cron.py: 2025-07-13 06:51:18.711764
✅ Advertising ejecutado correctamente
   Output: AutoSender iniciado: 2025-07-13 06:51:19.037811
😴 Esperando 60 segundos...
⏰ Ejecutando advertising_cron.py: 2025-07-13 06:52:19.171580
✅ Advertising ejecutado correctamente
   Output: AutoSender iniciado: 2025-07-13 06:52:19.475442
😴 Esperando 60 segundos...
⏰ Ejecutando advertising_cron.py: 2025-07-13 06:53:19.585668
✅ Advertising ejecutado correctamente
   Output: AutoSender iniciado: 2025-07-13 06:53:19.909415
😴 Esperando 60 segundos...
⏰ Ejecutando advertising_cron.py: 2025-07-13 06:54:20.004267
✅ Advertising ejecutado correctamente
   Output: AutoSender iniciado: 2025-07-13 06:54:20.361746
😴 Esperando 60 segundos...
⏰ Ejecutando advertising_cron.py: 2025-07-13 06:55:20.424193
✅ Advertising ejecutado correctamente
   Output: AutoSender iniciado: 2025-07-13 06:55:20.894728
😴 Esperando 60 segundos...
⏰ Ejecutando advertising_cron.py: 2025-07-13 06:56:21.021921
✅ Advertising ejecutado correctamente
   Output: AutoSender iniciado: 2025-07-13 06:56:21.328235
😴 Esperando 60 segundos...
⏰ Ejecutando advertising_cron.py: 2025-07-13 06:57:21.436387
✅ Advertising ejecutado correctamente
   Output: AutoSender iniciado: 2025-07-13 06:57:21.830444
😴 Esperando 60 segundos...
⏰ Ejecutando advertising_cron.py: 2025-07-13 06:58:21.931338
✅ Advertising ejecutado correctamente
   Output: AutoSender iniciado: 2025-07-13 06:58:22.303290
😴 Esperando 60 segundos...
⏰ Ejecutando advertising_cron.py: 2025-07-13 06:59:22.401200
✅ Advertising ejecutado correctamente
   Output: AutoSender iniciado: 2025-07-13 06:59:22.750580
😴 Esperando 60 segundos...
⏰ Ejecutando advertising_cron.py: 2025-07-13 07:00:22.879100
✅ Advertising ejecutado correctamente
   Output: AutoSender iniciado: 2025-07-13 07:00:23.376306
😴 Esperando 60 segundos...
🚀 Advertising Daemon iniciado: 2025-07-13 00:01:02.285454
⏰ Ejecutando advertising_cron.py: 2025-07-13 00:01:02.286253
✅ Advertising ejecutado correctamente
   Output: AutoSender iniciado: 2025-07-13 00:01:02.819579
😴 Esperando 60 segundos...
⏰ Ejecutando advertising_cron.py: 2025-07-13 00:02:03.073562
✅ Advertising ejecutado correctamente
   Output: AutoSender iniciado: 2025-07-13 00:02:03.461598
😴 Esperando 60 segundos...
⏰ Ejecutando advertising_cron.py: 2025-07-13 00:03:03.567699
✅ Advertising ejecutado correctamente
   Output: AutoSender iniciado: 2025-07-13 00:03:04.025609
😴 Esperando 60 segundos...
⏰ Ejecutando advertising_cron.py: 2025-07-13 00:04:04.145046
✅ Advertising ejecutado correctamente
   Output: AutoSender iniciado: 2025-07-13 00:04:04.549985
😴 Esperando 60 segundos...
⏰ Ejecutando advertising_cron.py: 2025-07-13 00:05:04.763725
✅ Advertising ejecutado correctamente
   Output: AutoSender iniciado: 2025-07-13 00:05:05.153084
😴 Esperando 60 segundos...
⏰ Ejecutando advertising_cron.py: 2025-07-13 00:06:05.259684
✅ Advertising ejecutado correctamente
   Output: AutoSender iniciado: 2025-07-13 00:06:05.589675
😴 Esperando 60 segundos...
⏰ Ejecutando advertising_cron.py: 2025-07-13 00:07:05.690349
✅ Advertising ejecutado correctamente
   Output: AutoSender iniciado: 2025-07-13 00:07:06.081399
😴 Esperando 60 segundos...
🚀 Advertising Daemon iniciado: 2025-07-13 00:07:43.367042
⏰ Ejecutando advertising_cron.py: 2025-07-13 00:07:43.367782
✅ Advertising ejecutado correctamente
   Output: AutoSender iniciado: 2025-07-13 00:07:43.853209
😴 Esperando 60 segundos...
⏰ Ejecutando advertising_cron.py: 2025-07-13 00:08:43.943667
✅ Advertising ejecutado correctamente
   Output: AutoSender iniciado: 2025-07-13 00:08:44.281714
😴 Esperando 60 segundos...
⏰ Ejecutando advertising_cron.py: 2025-07-13 00:09:44.400492
✅ Advertising ejecutado correctamente
   Output: AutoSender iniciado: 2025-07-13 00:09:44.711982
😴 Esperando 60 segundos...
⏰ Ejecutando advertising_cron.py: 2025-07-13 00:10:44.824038
✅ Advertising ejecutado correctamente
   Output: AutoSender iniciado: 2025-07-13 00:10:45.191279
😴 Esperando 60 segundos...
🚀 Advertising Daemon iniciado: 2025-07-13 00:10:47.190208
⏰ Ejecutando advertising_cron.py: 2025-07-13 00:10:47.191080
✅ Advertising ejecutado correctamente
   Output: AutoSender iniciado: 2025-07-13 00:10:47.641687
😴 Esperando 60 segundos...
⏰ Ejecutando advertising_cron.py: 2025-07-13 00:11:47.786979
✅ Advertising ejecutado correctamente
   Output: AutoSender iniciado: 2025-07-13 00:11:48.154177
😴 Esperando 60 segundos...
⏰ Ejecutando advertising_cron.py: 2025-07-13 00:12:48.226269
✅ Advertising ejecutado correctamente
   Output: AutoSender iniciado: 2025-07-13 00:12:48.571131
😴 Esperando 60 segundos...
⏰ Ejecutando advertising_cron.py: 2025-07-13 00:13:48.694941
✅ Advertising ejecutado correctamente
   Output: AutoSender iniciado: 2025-07-13 00:13:49.045029
😴 Esperando 60 segundos...
⏰ Ejecutando advertising_cron.py: 2025-07-13 00:14:49.160141
✅ Advertising ejecutado correctamente
   Output: AutoSender iniciado: 2025-07-13 00:14:49.663471
😴 Esperando 60 segundos...
⏰ Ejecutando advertising_cron.py: 2025-07-13 00:15:49.800081
✅ Advertising ejecutado correctamente
   Output: AutoSender iniciado: 2025-07-13 00:15:50.115621
😴 Esperando 60 segundos...
⏰ Ejecutando advertising_cron.py: 2025-07-13 00:16:50.199691
✅ Advertising ejecutado correctamente
   Output: AutoSender iniciado: 2025-07-13 00:16:50.607328
😴 Esperando 60 segundos...
⏰ Ejecutando advertising_cron.py: 2025-07-13 00:17:50.767932
✅ Advertising ejecutado correctamente
   Output: AutoSender iniciado: 2025-07-13 00:17:51.310863
😴 Esperando 60 segundos...
⏰ Ejecutando advertising_cron.py: 2025-07-13 00:18:51.467560
✅ Advertising ejecutado correctamente
   Output: AutoSender iniciado: 2025-07-13 00:18:51.849068
😴 Esperando 60 segundos...
⏰ Ejecutando advertising_cron.py: 2025-07-13 00:19:51.959280
✅ Advertising ejecutado correctamente
   Output: AutoSender iniciado: 2025-07-13 00:19:52.289830
😴 Esperando 60 segundos...
⏰ Ejecutando advertising_cron.py: 2025-07-13 00:20:52.399709
✅ Advertising ejecutado correctamente
   Output: AutoSender iniciado: 2025-07-13 00:20:52.877728
😴 Esperando 60 segundos...
⏰ Ejecutando advertising_cron.py: 2025-07-13 00:21:53.020986
✅ Advertising ejecutado correctamente
   Output: AutoSender iniciado: 2025-07-13 00:21:53.360432
😴 Esperando 60 segundos...
⏰ Ejecutando advertising_cron.py: 2025-07-13 00:22:53.451680
✅ Advertising ejecutado correctamente
   Output: AutoSender iniciado: 2025-07-13 00:22:53.760688
😴 Esperando 60 segundos...
⏰ Ejecutando advertising_cron.py: 2025-07-13 00:23:53.866454
✅ Advertising ejecutado correctamente
   Output: AutoSender iniciado: 2025-07-13 00:23:54.172239
😴 Esperando 60 segundos...
⏰ Ejecutando advertising_cron.py: 2025-07-13 00:24:54.300234
✅ Advertising ejecutado correctamente
   Output: AutoSender iniciado: 2025-07-13 00:24:54.588249
😴 Esperando 60 segundos...
⏰ Ejecutando advertising_cron.py: 2025-07-13 00:25:54.704143
✅ Advertising ejecutado correctamente
   Output: AutoSender iniciado: 2025-07-13 00:25:55.042572
😴 Esperando 60 segundos...
⏰ Ejecutando advertising_cron.py: 2025-07-13 00:26:55.127881
✅ Advertising ejecutado correctamente
   Output: AutoSender iniciado: 2025-07-13 00:26:55.559224
😴 Esperando 60 segundos...
⏰ Ejecutando advertising_cron.py: 2025-07-13 00:27:55.809195
✅ Advertising ejecutado correctamente
   Output: AutoSender iniciado: 2025-07-13 00:27:56.126272
😴 Esperando 60 segundos...
⏰ Ejecutando advertising_cron.py: 2025-07-13 00:28:56.241784
✅ Advertising ejecutado correctamente
   Output: AutoSender iniciado: 2025-07-13 00:28:56.511663
😴 Esperando 60 segundos...
⏰ Ejecutando advertising_cron.py: 2025-07-13 00:29:56.623118
✅ Advertising ejecutado correctamente
   Output: AutoSender iniciado: 2025-07-13 00:29:56.952588
😴 Esperando 60 segundos...
⏰ Ejecutando advertising_cron.py: 2025-07-13 00:30:57.049359
✅ Advertising ejecutado correctamente
   Output: AutoSender iniciado: 2025-07-13 00:30:57.363656
😴 Esperando 60 segundos...
⏰ Ejecutando advertising_cron.py: 2025-07-13 00:31:57.431765
✅ Advertising ejecutado correctamente
   Output: AutoSender iniciado: 2025-07-13 00:31:57.748163
😴 Esperando 60 segundos...
⏰ Ejecutando advertising_cron.py: 2025-07-13 00:32:57.861541
✅ Advertising ejecutado correctamente
   Output: AutoSender iniciado: 2025-07-13 00:32:58.183597
😴 Esperando 60 segundos...
⏰ Ejecutando advertising_cron.py: 2025-07-13 00:33:58.231687
✅ Advertising ejecutado correctamente
   Output: AutoSender iniciado: 2025-07-13 00:33:58.482709
😴 Esperando 60 segundos...
⏰ Ejecutando advertising_cron.py: 2025-07-13 00:34:58.569444
✅ Advertising ejecutado correctamente
   Output: AutoSender iniciado: 2025-07-13 00:34:58.887462
😴 Esperando 60 segundos...
⏰ Ejecutando advertising_cron.py: 2025-07-13 00:35:58.996976
✅ Advertising ejecutado correctamente
   Output: AutoSender iniciado: 2025-07-13 00:35:59.357994
😴 Esperando 60 segundos...
⏰ Ejecutando advertising_cron.py: 2025-07-13 00:36:59.439705
✅ Advertising ejecutado correctamente
   Output: AutoSender iniciado: 2025-07-13 00:36:59.829016
😴 Esperando 60 segundos...
⏰ Ejecutando advertising_cron.py: 2025-07-13 00:37:59.927679
✅ Advertising ejecutado correctamente
   Output: AutoSender iniciado: 2025-07-13 00:38:00.254833
😴 Esperando 60 segundos...
⏰ Ejecutando advertising_cron.py: 2025-07-13 00:39:00.331738
✅ Advertising ejecutado correctamente
   Output: AutoSender iniciado: 2025-07-13 00:39:00.735706
😴 Esperando 60 segundos...
⏰ Ejecutando advertising_cron.py: 2025-07-13 00:40:00.866666
✅ Advertising ejecutado correctamente
   Output: AutoSender iniciado: 2025-07-13 00:40:01.297153
😴 Esperando 60 segundos...
⏰ Ejecutando advertising_cron.py: 2025-07-13 00:41:01.455187
✅ Advertising ejecutado correctamente
   Output: AutoSender iniciado: 2025-07-13 00:41:01.913079
😴 Esperando 60 segundos...
⏰ Ejecutando advertising_cron.py: 2025-07-13 00:42:01.986686
✅ Advertising ejecutado correctamente
   Output: AutoSender iniciado: 2025-07-13 00:42:03.186503
😴 Esperando 60 segundos...
⏰ Ejecutando advertising_cron.py: 2025-07-13 00:43:03.319680
✅ Advertising ejecutado correctamente
   Output: AutoSender iniciado: 2025-07-13 00:43:03.863318
😴 Esperando 60 segundos...
⏰ Ejecutando advertising_cron.py: 2025-07-13 00:44:04.034266
✅ Advertising ejecutado correctamente
   Output: AutoSender iniciado: 2025-07-13 00:44:04.393639
😴 Esperando 60 segundos...
⏰ Ejecutando advertising_cron.py: 2025-07-13 00:45:04.527380
✅ Advertising ejecutado correctamente
   Output: AutoSender iniciado: 2025-07-13 00:45:04.897567
😴 Esperando 60 segundos...
⏰ Ejecutando advertising_cron.py: 2025-07-13 00:46:05.025222
❌ Error en advertising: 
😴 Esperando 60 segundos...
⏰ Ejecutando advertising_cron.py: 2025-07-13 00:47:05.431734
✅ Advertising ejecutado correctamente
   Output: AutoSender iniciado: 2025-07-13 00:47:05.834318
😴 Esperando 60 segundos...
⏰ Ejecutando advertising_cron.py: 2025-07-13 00:48:06.009266
✅ Advertising ejecutado correctamente
   Output: AutoSender iniciado: 2025-07-13 00:48:06.357585
😴 Esperando 60 segundos...
⏰ Ejecutando advertising_cron.py: 2025-07-13 00:49:06.423690
✅ Advertising ejecutado correctamente
   Output: AutoSender iniciado: 2025-07-13 00:49:06.878637
😴 Esperando 60 segundos...
⏰ Ejecutando advertising_cron.py: 2025-07-13 00:50:06.979622
✅ Advertising ejecutado correctamente
   Output: AutoSender iniciado: 2025-07-13 00:50:08.194300
😴 Esperando 60 segundos...
⏰ Ejecutando advertising_cron.py: 2025-07-13 00:51:08.375444
✅ Advertising ejecutado correctamente
   Output: AutoSender iniciado: 2025-07-13 00:51:09.452428
😴 Esperando 60 segundos...
⏰ Ejecutando advertising_cron.py: 2025-07-13 00:52:09.619225
✅ Advertising ejecutado correctamente
   Output: AutoSender iniciado: 2025-07-13 00:52:10.041374
😴 Esperando 60 segundos...
⏰ Ejecutando advertising_cron.py: 2025-07-13 00:53:10.170732
✅ Advertising ejecutado correctamente
   Output: AutoSender iniciado: 2025-07-13 00:53:10.646709
😴 Esperando 60 segundos...
🚀 Advertising Daemon iniciado: 2025-07-13 00:10:47.190208
⏰ Ejecutando advertising_cron.py: 2025-07-13 00:10:47.191080
✅ Advertising ejecutado correctamente
   Output: AutoSender iniciado: 2025-07-13 00:10:47.641687
😴 Esperando 60 segundos...
⏰ Ejecutando advertising_cron.py: 2025-07-13 00:11:47.786979
✅ Advertising ejecutado correctamente
   Output: AutoSender iniciado: 2025-07-13 00:11:48.154177
😴 Esperando 60 segundos...
⏰ Ejecutando advertising_cron.py: 2025-07-13 00:12:48.226269
✅ Advertising ejecutado correctamente
   Output: AutoSender iniciado: 2025-07-13 00:12:48.571131
😴 Esperando 60 segundos...
⏰ Ejecutando advertising_cron.py: 2025-07-13 00:13:48.694941
✅ Advertising ejecutado correctamente
   Output: AutoSender iniciado: 2025-07-13 00:13:49.045029
😴 Esperando 60 segundos...
⏰ Ejecutando advertising_cron.py: 2025-07-13 00:14:49.160141
✅ Advertising ejecutado correctamente
   Output: AutoSender iniciado: 2025-07-13 00:14:49.663471
😴 Esperando 60 segundos...
⏰ Ejecutando advertising_cron.py: 2025-07-13 00:15:49.800081
✅ Advertising ejecutado correctamente
   Output: AutoSender iniciado: 2025-07-13 00:15:50.115621
😴 Esperando 60 segundos...
⏰ Ejecutando advertising_cron.py: 2025-07-13 00:16:50.199691
✅ Advertising ejecutado correctamente
   Output: AutoSender iniciado: 2025-07-13 00:16:50.607328
😴 Esperando 60 segundos...
⏰ Ejecutando advertising_cron.py: 2025-07-13 00:17:50.767932
✅ Advertising ejecutado correctamente
   Output: AutoSender iniciado: 2025-07-13 00:17:51.310863
😴 Esperando 60 segundos...
⏰ Ejecutando advertising_cron.py: 2025-07-13 00:18:51.467560
✅ Advertising ejecutado correctamente
   Output: AutoSender iniciado: 2025-07-13 00:18:51.849068
😴 Esperando 60 segundos...
⏰ Ejecutando advertising_cron.py: 2025-07-13 00:19:51.959280
✅ Advertising ejecutado correctamente
   Output: AutoSender iniciado: 2025-07-13 00:19:52.289830
😴 Esperando 60 segundos...
⏰ Ejecutando advertising_cron.py: 2025-07-13 00:20:52.399709
✅ Advertising ejecutado correctamente
   Output: AutoSender iniciado: 2025-07-13 00:20:52.877728
😴 Esperando 60 segundos...
⏰ Ejecutando advertising_cron.py: 2025-07-13 00:21:53.020986
✅ Advertising ejecutado correctamente
   Output: AutoSender iniciado: 2025-07-13 00:21:53.360432
😴 Esperando 60 segundos...
⏰ Ejecutando advertising_cron.py: 2025-07-13 00:22:53.451680
✅ Advertising ejecutado correctamente
   Output: AutoSender iniciado: 2025-07-13 00:22:53.760688
😴 Esperando 60 segundos...
⏰ Ejecutando advertising_cron.py: 2025-07-13 00:23:53.866454
✅ Advertising ejecutado correctamente
   Output: AutoSender iniciado: 2025-07-13 00:23:54.172239
😴 Esperando 60 segundos...
⏰ Ejecutando advertising_cron.py: 2025-07-13 00:24:54.300234
✅ Advertising ejecutado correctamente
   Output: AutoSender iniciado: 2025-07-13 00:24:54.588249
😴 Esperando 60 segundos...
⏰ Ejecutando advertising_cron.py: 2025-07-13 00:25:54.704143
✅ Advertising ejecutado correctamente
   Output: AutoSender iniciado: 2025-07-13 00:25:55.042572
😴 Esperando 60 segundos...
⏰ Ejecutando advertising_cron.py: 2025-07-13 00:26:55.127881
✅ Advertising ejecutado correctamente
   Output: AutoSender iniciado: 2025-07-13 00:26:55.559224
😴 Esperando 60 segundos...
⏰ Ejecutando advertising_cron.py: 2025-07-13 00:27:55.809195
✅ Advertising ejecutado correctamente
   Output: AutoSender iniciado: 2025-07-13 00:27:56.126272
😴 Esperando 60 segundos...
⏰ Ejecutando advertising_cron.py: 2025-07-13 00:28:56.241784
✅ Advertising ejecutado correctamente
   Output: AutoSender iniciado: 2025-07-13 00:28:56.511663
😴 Esperando 60 segundos...
⏰ Ejecutando advertising_cron.py: 2025-07-13 00:29:56.623118
✅ Advertising ejecutado correctamente
   Output: AutoSender iniciado: 2025-07-13 00:29:56.952588
😴 Esperando 60 segundos...
⏰ Ejecutando advertising_cron.py: 2025-07-13 00:30:57.049359
✅ Advertising ejecutado correctamente
   Output: AutoSender iniciado: 2025-07-13 00:30:57.363656
😴 Esperando 60 segundos...
⏰ Ejecutando advertising_cron.py: 2025-07-13 00:31:57.431765
✅ Advertising ejecutado correctamente
   Output: AutoSender iniciado: 2025-07-13 00:31:57.748163
😴 Esperando 60 segundos...
⏰ Ejecutando advertising_cron.py: 2025-07-13 00:32:57.861541
✅ Advertising ejecutado correctamente
   Output: AutoSender iniciado: 2025-07-13 00:32:58.183597
😴 Esperando 60 segundos...
⏰ Ejecutando advertising_cron.py: 2025-07-13 00:33:58.231687
✅ Advertising ejecutado correctamente
   Output: AutoSender iniciado: 2025-07-13 00:33:58.482709
😴 Esperando 60 segundos...
⏰ Ejecutando advertising_cron.py: 2025-07-13 00:34:58.569444
✅ Advertising ejecutado correctamente
   Output: AutoSender iniciado: 2025-07-13 00:34:58.887462
😴 Esperando 60 segundos...
⏰ Ejecutando advertising_cron.py: 2025-07-13 00:35:58.996976
✅ Advertising ejecutado correctamente
   Output: AutoSender iniciado: 2025-07-13 00:35:59.357994
😴 Esperando 60 segundos...
⏰ Ejecutando advertising_cron.py: 2025-07-13 00:36:59.439705
✅ Advertising ejecutado correctamente
   Output: AutoSender iniciado: 2025-07-13 00:36:59.829016
😴 Esperando 60 segundos...
⏰ Ejecutando advertising_cron.py: 2025-07-13 00:37:59.927679
✅ Advertising ejecutado correctamente
   Output: AutoSender iniciado: 2025-07-13 00:38:00.254833
😴 Esperando 60 segundos...
⏰ Ejecutando advertising_cron.py: 2025-07-13 00:39:00.331738
✅ Advertising ejecutado correctamente
   Output: AutoSender iniciado: 2025-07-13 00:39:00.735706
😴 Esperando 60 segundos...
⏰ Ejecutando advertising_cron.py: 2025-07-13 00:40:00.866666
✅ Advertising ejecutado correctamente
   Output: AutoSender iniciado: 2025-07-13 00:40:01.297153
😴 Esperando 60 segundos...
⏰ Ejecutando advertising_cron.py: 2025-07-13 00:41:01.455187
✅ Advertising ejecutado correctamente
   Output: AutoSender iniciado: 2025-07-13 00:41:01.913079
😴 Esperando 60 segundos...
⏰ Ejecutando advertising_cron.py: 2025-07-13 00:42:01.986686
✅ Advertising ejecutado correctamente
   Output: AutoSender iniciado: 2025-07-13 00:42:03.186503
😴 Esperando 60 segundos...
⏰ Ejecutando advertising_cron.py: 2025-07-13 00:43:03.319680
✅ Advertising ejecutado correctamente
   Output: AutoSender iniciado: 2025-07-13 00:43:03.863318
😴 Esperando 60 segundos...
⏰ Ejecutando advertising_cron.py: 2025-07-13 00:44:04.034266
✅ Advertising ejecutado correctamente
   Output: AutoSender iniciado: 2025-07-13 00:44:04.393639
😴 Esperando 60 segundos...
⏰ Ejecutando advertising_cron.py: 2025-07-13 00:45:04.527380
✅ Advertising ejecutado correctamente
   Output: AutoSender iniciado: 2025-07-13 00:45:04.897567
😴 Esperando 60 segundos...
⏰ Ejecutando advertising_cron.py: 2025-07-13 00:46:05.025222
❌ Error en advertising: 
😴 Esperando 60 segundos...
⏰ Ejecutando advertising_cron.py: 2025-07-13 00:47:05.431734
✅ Advertising ejecutado correctamente
   Output: AutoSender iniciado: 2025-07-13 00:47:05.834318
😴 Esperando 60 segundos...
⏰ Ejecutando advertising_cron.py: 2025-07-13 00:48:06.009266
✅ Advertising ejecutado correctamente
   Output: AutoSender iniciado: 2025-07-13 00:48:06.357585
😴 Esperando 60 segundos...
⏰ Ejecutando advertising_cron.py: 2025-07-13 00:49:06.423690
✅ Advertising ejecutado correctamente
   Output: AutoSender iniciado: 2025-07-13 00:49:06.878637
😴 Esperando 60 segundos...
⏰ Ejecutando advertising_cron.py: 2025-07-13 00:50:06.979622
✅ Advertising ejecutado correctamente
   Output: AutoSender iniciado: 2025-07-13 00:50:08.194300
😴 Esperando 60 segundos...
⏰ Ejecutando advertising_cron.py: 2025-07-13 00:51:08.375444
✅ Advertising ejecutado correctamente
   Output: AutoSender iniciado: 2025-07-13 00:51:09.452428
😴 Esperando 60 segundos...
⏰ Ejecutando advertising_cron.py: 2025-07-13 00:52:09.619225
✅ Advertising ejecutado correctamente
   Output: AutoSender iniciado: 2025-07-13 00:52:10.041374
😴 Esperando 60 segundos...
⏰ Ejecutando advertising_cron.py: 2025-07-13 00:53:10.170732
✅ Advertising ejecutado correctamente
⏰ Ejecutando advertising_cron.py: 2025-07-13 00:54:10.768248
✅ Advertising ejecutado correctamente
   Output: AutoSender iniciado: 2025-07-13 00:54:11.233261
😴 Esperando 60 segundos...
⏰ Ejecutando advertising_cron.py: 2025-07-13 00:55:11.358219
✅ Advertising ejecutado correctamente
   Output: AutoSender iniciado: 2025-07-13 00:55:11.711091
😴 Esperando 60 segundos...
⏰ Ejecutando advertising_cron.py: 2025-07-13 00:56:11.818332
✅ Advertising ejecutado correctamente
   Output: AutoSender iniciado: 2025-07-13 00:56:12.162341
😴 Esperando 60 segundos...
⏰ Ejecutando advertising_cron.py: 2025-07-13 00:57:12.281181
✅ Advertising ejecutado correctamente
   Output: AutoSender iniciado: 2025-07-13 00:57:12.692283
😴 Esperando 60 segundos...
⏰ Ejecutando advertising_cron.py: 2025-07-13 00:58:12.788970
✅ Advertising ejecutado correctamente
   Output: AutoSender iniciado: 2025-07-13 00:58:13.166237
😴 Esperando 60 segundos...
⏰ Ejecutando advertising_cron.py: 2025-07-13 00:59:13.239692
✅ Advertising ejecutado correctamente
   Output: AutoSender iniciado: 2025-07-13 00:59:13.544878
😴 Esperando 60 segundos...
⏰ Ejecutando advertising_cron.py: 2025-07-13 01:00:13.642337
✅ Advertising ejecutado correctamente
   Output: AutoSender iniciado: 2025-07-13 01:00:14.026608
😴 Esperando 60 segundos...
⏰ Ejecutando advertising_cron.py: 2025-07-13 01:01:14.090796
✅ Advertising ejecutado correctamente
   Output: AutoSender iniciado: 2025-07-13 01:01:14.445460
😴 Esperando 60 segundos...
⏰ Ejecutando advertising_cron.py: 2025-07-13 01:02:14.572905
✅ Advertising ejecutado correctamente
   Output: AutoSender iniciado: 2025-07-13 01:02:14.978480
😴 Esperando 60 segundos...
⏰ Ejecutando advertising_cron.py: 2025-07-13 01:03:15.050075
✅ Advertising ejecutado correctamente
   Output: AutoSender iniciado: 2025-07-13 01:03:15.482344
😴 Esperando 60 segundos...
⏰ Ejecutando advertising_cron.py: 2025-07-13 01:04:15.632876
✅ Advertising ejecutado correctamente
   Output: AutoSender iniciado: 2025-07-13 01:04:15.981576
😴 Esperando 60 segundos...
⏰ Ejecutando advertising_cron.py: 2025-07-13 01:05:16.081877
✅ Advertising ejecutado correctamente
   Output: AutoSender iniciado: 2025-07-13 01:05:16.486822
😴 Esperando 60 segundos...
⏰ Ejecutando advertising_cron.py: 2025-07-13 01:06:16.637825
✅ Advertising ejecutado correctamente
   Output: AutoSender iniciado: 2025-07-13 01:06:17.093386
😴 Esperando 60 segundos...
⏰ Ejecutando advertising_cron.py: 2025-07-13 01:07:17.180818
✅ Advertising ejecutado correctamente
   Output: AutoSender iniciado: 2025-07-13 01:07:17.591578
😴 Esperando 60 segundos...
⏰ Ejecutando advertising_cron.py: 2025-07-13 01:08:17.723906
✅ Advertising ejecutado correctamente
   Output: AutoSender iniciado: 2025-07-13 01:08:18.061383
😴 Esperando 60 segundos...
⏰ Ejecutando advertising_cron.py: 2025-07-13 01:09:18.173901
✅ Advertising ejecutado correctamente
   Output: AutoSender iniciado: 2025-07-13 01:09:18.548319
😴 Esperando 60 segundos...
⏰ Ejecutando advertising_cron.py: 2025-07-13 01:10:18.664461
✅ Advertising ejecutado correctamente
   Output: AutoSender iniciado: 2025-07-13 01:10:19.240642
😴 Esperando 60 segundos...
⏰ Ejecutando advertising_cron.py: 2025-07-13 01:11:19.463698
✅ Advertising ejecutado correctamente
   Output: AutoSender iniciado: 2025-07-13 01:11:19.824532
😴 Esperando 60 segundos...
⏰ Ejecutando advertising_cron.py: 2025-07-13 01:12:19.955480
✅ Advertising ejecutado correctamente
   Output: AutoSender iniciado: 2025-07-13 01:12:20.495714
😴 Esperando 60 segundos...
⏰ Ejecutando advertising_cron.py: 2025-07-13 01:13:20.656947
✅ Advertising ejecutado correctamente
   Output: AutoSender iniciado: 2025-07-13 01:13:20.970432
😴 Esperando 60 segundos...
⏰ Ejecutando advertising_cron.py: 2025-07-13 01:14:21.050574
✅ Advertising ejecutado correctamente
   Output: AutoSender iniciado: 2025-07-13 01:14:21.409366
😴 Esperando 60 segundos...
⏰ Ejecutando advertising_cron.py: 2025-07-13 01:15:21.532124
✅ Advertising ejecutado correctamente
   Output: AutoSender iniciado: 2025-07-13 01:15:21.953339
😴 Esperando 60 segundos...
⏰ Ejecutando advertising_cron.py: 2025-07-13 01:16:22.067893
✅ Advertising ejecutado correctamente
   Output: AutoSender iniciado: 2025-07-13 01:16:22.488084
😴 Esperando 60 segundos...
⏰ Ejecutando advertising_cron.py: 2025-07-13 01:17:22.626170
✅ Advertising ejecutado correctamente
   Output: AutoSender iniciado: 2025-07-13 01:17:23.100095
😴 Esperando 60 segundos...
⏰ Ejecutando advertising_cron.py: 2025-07-13 01:18:23.209595
✅ Advertising ejecutado correctamente
   Output: AutoSender iniciado: 2025-07-13 01:18:23.601475
😴 Esperando 60 segundos...
⏰ Ejecutando advertising_cron.py: 2025-07-13 01:19:23.779368
✅ Advertising ejecutado correctamente
   Output: AutoSender iniciado: 2025-07-13 01:19:24.155672
😴 Esperando 60 segundos...
⏰ Ejecutando advertising_cron.py: 2025-07-13 01:20:24.277721
✅ Advertising ejecutado correctamente
   Output: AutoSender iniciado: 2025-07-13 01:20:25.056947
😴 Esperando 60 segundos...
⏰ Ejecutando advertising_cron.py: 2025-07-13 01:21:25.276982
✅ Advertising ejecutado correctamente
   Output: AutoSender iniciado: 2025-07-13 01:21:25.764565
😴 Esperando 60 segundos...
⏰ Ejecutando advertising_cron.py: 2025-07-13 01:22:25.900601
✅ Advertising ejecutado correctamente
   Output: AutoSender iniciado: 2025-07-13 01:22:26.235159
😴 Esperando 60 segundos...
⏰ Ejecutando advertising_cron.py: 2025-07-13 01:23:26.348136
✅ Advertising ejecutado correctamente
   Output: AutoSender iniciado: 2025-07-13 01:23:26.679873
😴 Esperando 60 segundos...
⏰ Ejecutando advertising_cron.py: 2025-07-13 01:24:26.825074
✅ Advertising ejecutado correctamente
   Output: AutoSender iniciado: 2025-07-13 01:24:27.442139
😴 Esperando 60 segundos...
⏰ Ejecutando advertising_cron.py: 2025-07-13 01:25:27.662787
✅ Advertising ejecutado correctamente
   Output: AutoSender iniciado: 2025-07-13 01:25:28.086395
😴 Esperando 60 segundos...
⏰ Ejecutando advertising_cron.py: 2025-07-13 01:26:28.169058
✅ Advertising ejecutado correctamente
   Output: AutoSender iniciado: 2025-07-13 01:26:28.511200
😴 Esperando 60 segundos...
⏰ Ejecutando advertising_cron.py: 2025-07-13 01:27:28.636964
✅ Advertising ejecutado correctamente
   Output: AutoSender iniciado: 2025-07-13 01:27:28.990109
😴 Esperando 60 segundos...
