[2025-08-01 20:53:00] 🚀 Monitor del bot iniciado
[2025-08-01 20:53:00] ✅ Bot funcionando correctamente
[2025-08-01 20:55:00] ✅ Bot funcionando correctamente
[2025-08-01 20:57:00] ✅ Bot funcionando correctamente
[2025-08-01 20:59:01] ✅ Bot funcionando correctamente
[2025-08-01 21:01:01] ✅ Bot funcionando correctamente
[2025-08-01 21:03:02] ✅ Bot funcionando correctamente
[2025-08-01 21:05:02] ✅ Bot funcionando correctamente
[2025-08-01 21:07:02] ✅ Bot funcionando correctamente
[2025-08-01 21:09:03] ✅ Bot funcionando correctamente
[2025-08-01 21:11:03] ✅ Bot funcionando correctamente
[2025-08-01 21:13:03] ✅ Bot funcionando correctamente
[2025-08-01 21:15:03] ✅ Bot funcionando correctamente
[2025-08-01 21:17:04] ✅ Bot funcionando correctamente
[2025-08-01 21:17:46] 🚀 Monitor MEJORADO del bot iniciado
[2025-08-01 21:17:47] ⚠️ Error en webhook: Connection timed out
[2025-08-01 21:17:47] 🔄 Reiniciando bot por problema detectado...
[2025-08-01 21:17:57] ✅ Bot reiniciado y webhook reconfigurado
[2025-08-01 21:20:07] 🚀 Monitor MEJORADO del bot iniciado
[2025-08-01 21:20:08] ✅ Bot verificado: proceso, health check, webhook y logs OK
[2025-08-01 21:22:09] ✅ Bot verificado: proceso, health check, webhook y logs OK
[2025-08-01 21:24:09] ✅ Bot verificado: proceso, health check, webhook y logs OK
[2025-08-01 21:24:57] ✅ Bot verificado: proceso, health check, webhook y logs OK
[2025-08-01 21:26:09] ✅ Bot verificado: proceso, health check, webhook y logs OK
[2025-08-01 21:26:57] ✅ Bot verificado: proceso, health check, webhook y logs OK
[2025-08-01 21:28:09] ✅ Bot verificado: proceso, health check, webhook y logs OK
[2025-08-01 21:28:57] ✅ Bot verificado: proceso, health check, webhook y logs OK
[2025-08-01 21:30:10] ✅ Bot verificado: proceso, health check, webhook y logs OK
[2025-08-01 21:30:58] ✅ Bot verificado: proceso, health check, webhook y logs OK
[2025-08-01 21:32:10] ✅ Bot verificado: proceso, health check, webhook y logs OK
[2025-08-01 21:32:58] ✅ Bot verificado: proceso, health check, webhook y logs OK
[2025-08-01 21:34:10] ✅ Bot verificado: proceso, health check, webhook y logs OK
[2025-08-01 21:34:58] ✅ Bot verificado: proceso, health check, webhook y logs OK
[2025-08-01 21:36:10] ✅ Bot verificado: proceso, health check, webhook y logs OK
[2025-08-01 21:36:58] ✅ Bot verificado: proceso, health check, webhook y logs OK
[2025-08-01 21:38:11] ✅ Bot verificado: proceso, health check, webhook y logs OK
[2025-08-01 21:38:59] ✅ Bot verificado: proceso, health check, webhook y logs OK
[2025-08-01 21:40:11] ✅ Bot verificado: proceso, health check, webhook y logs OK
[2025-08-01 21:40:59] ✅ Bot verificado: proceso, health check, webhook y logs OK
[2025-08-01 21:42:11] ✅ Bot verificado: proceso, health check, webhook y logs OK
[2025-08-01 21:42:59] ✅ Bot verificado: proceso, health check, webhook y logs OK
[2025-08-01 21:44:11] ✅ Bot verificado: proceso, health check, webhook y logs OK
[2025-08-01 21:44:59] ✅ Bot verificado: proceso, health check, webhook y logs OK
[2025-08-01 21:46:12] ✅ Bot verificado: proceso, health check, webhook y logs OK
[2025-08-01 21:46:59] ✅ Bot verificado: proceso, health check, webhook y logs OK
[2025-08-01 21:48:12] ✅ Bot verificado: proceso, health check, webhook y logs OK
[2025-08-01 21:48:59] ✅ Bot verificado: proceso, health check, webhook y logs OK
[2025-08-01 21:50:12] ✅ Bot verificado: proceso, health check, webhook y logs OK
[2025-08-01 21:51:00] ✅ Bot verificado: proceso, health check, webhook y logs OK
[2025-08-01 21:52:12] ✅ Bot verificado: proceso, health check, webhook y logs OK
[2025-08-01 21:53:00] ✅ Bot verificado: proceso, health check, webhook y logs OK
[2025-08-01 21:54:12] ✅ Bot verificado: proceso, health check, webhook y logs OK
[2025-08-01 21:55:00] ✅ Bot verificado: proceso, health check, webhook y logs OK
[2025-08-01 21:56:13] ✅ Bot verificado: proceso, health check, webhook y logs OK
[2025-08-01 21:57:00] ✅ Bot verificado: proceso, health check, webhook y logs OK
[2025-08-01 21:58:13] ✅ Bot verificado: proceso, health check, webhook y logs OK
[2025-08-01 21:59:01] ✅ Bot verificado: proceso, health check, webhook y logs OK
[2025-08-01 22:00:13] ✅ Bot verificado: proceso, health check, webhook y logs OK
[2025-08-01 22:01:02] ✅ Bot verificado: proceso, health check, webhook y logs OK
[2025-08-01 22:02:13] ✅ Bot verificado: proceso, health check, webhook y logs OK
[2025-08-01 22:03:02] ✅ Bot verificado: proceso, health check, webhook y logs OK
[2025-08-01 22:04:13] ✅ Bot verificado: proceso, health check, webhook y logs OK
[2025-08-01 22:05:02] ✅ Bot verificado: proceso, health check, webhook y logs OK
[2025-08-01 22:06:14] ✅ Bot verificado: proceso, health check, webhook y logs OK
[2025-08-01 22:07:03] ✅ Bot verificado: proceso, health check, webhook y logs OK
[2025-08-01 22:08:14] ✅ Bot verificado: proceso, health check, webhook y logs OK
[2025-08-01 22:09:03] ✅ Bot verificado: proceso, health check, webhook y logs OK
[2025-08-01 22:10:15] ✅ Bot verificado: proceso, health check, webhook y logs OK
[2025-08-01 22:11:04] ✅ Bot verificado: proceso, health check, webhook y logs OK
[2025-08-01 22:12:15] ✅ Bot verificado: proceso, health check, webhook y logs OK
[2025-08-01 22:13:04] ✅ Bot verificado: proceso, health check, webhook y logs OK
[2025-08-01 22:14:16] ✅ Bot verificado: proceso, health check, webhook y logs OK
[2025-08-01 22:15:05] ✅ Bot verificado: proceso, health check, webhook y logs OK
[2025-08-01 22:16:16] ✅ Bot verificado: proceso, health check, webhook y logs OK
[2025-08-01 22:17:05] ✅ Bot verificado: proceso, health check, webhook y logs OK
[2025-08-01 22:18:16] ✅ Bot verificado: proceso, health check, webhook y logs OK
[2025-08-01 22:19:06] ✅ Bot verificado: proceso, health check, webhook y logs OK
[2025-08-01 22:20:16] ✅ Bot verificado: proceso, health check, webhook y logs OK
[2025-08-01 22:21:06] ✅ Bot verificado: proceso, health check, webhook y logs OK
[2025-08-01 22:22:16] ✅ Bot verificado: proceso, health check, webhook y logs OK
[2025-08-01 22:23:06] ✅ Bot verificado: proceso, health check, webhook y logs OK
[2025-08-01 22:24:17] ✅ Bot verificado: proceso, health check, webhook y logs OK
[2025-08-01 22:25:07] ✅ Bot verificado: proceso, health check, webhook y logs OK
[2025-08-01 22:26:17] ✅ Bot verificado: proceso, health check, webhook y logs OK
[2025-08-01 22:27:07] ✅ Bot verificado: proceso, health check, webhook y logs OK
[2025-08-01 22:28:17] ✅ Bot verificado: proceso, health check, webhook y logs OK
[2025-08-01 22:29:07] ✅ Bot verificado: proceso, health check, webhook y logs OK
[2025-08-01 22:30:17] ✅ Bot verificado: proceso, health check, webhook y logs OK
[2025-08-01 22:31:08] ✅ Bot verificado: proceso, health check, webhook y logs OK
[2025-08-01 22:32:18] ✅ Bot verificado: proceso, health check, webhook y logs OK
[2025-08-01 22:33:08] ✅ Bot verificado: proceso, health check, webhook y logs OK
[2025-08-01 22:34:18] ✅ Bot verificado: proceso, health check, webhook y logs OK
[2025-08-01 22:35:08] ✅ Bot verificado: proceso, health check, webhook y logs OK
[2025-08-01 22:36:18] ✅ Bot verificado: proceso, health check, webhook y logs OK
[2025-08-01 22:37:08] ✅ Bot verificado: proceso, health check, webhook y logs OK
[2025-08-01 22:38:18] ✅ Bot verificado: proceso, health check, webhook y logs OK
[2025-08-01 22:39:08] ✅ Bot verificado: proceso, health check, webhook y logs OK
[2025-08-01 22:40:18] ✅ Bot verificado: proceso, health check, webhook y logs OK
[2025-08-01 22:41:09] ✅ Bot verificado: proceso, health check, webhook y logs OK
[2025-08-01 22:42:19] ✅ Bot verificado: proceso, health check, webhook y logs OK
[2025-08-01 22:43:09] ✅ Bot verificado: proceso, health check, webhook y logs OK
[2025-08-01 22:44:19] ✅ Bot verificado: proceso, health check, webhook y logs OK
[2025-08-01 22:45:09] ✅ Bot verificado: proceso, health check, webhook y logs OK
[2025-08-01 22:46:19] ✅ Bot verificado: proceso, health check, webhook y logs OK
[2025-08-01 22:47:10] ✅ Bot verificado: proceso, health check, webhook y logs OK
[2025-08-01 22:48:19] ✅ Bot verificado: proceso, health check, webhook y logs OK
[2025-08-01 22:49:10] ✅ Bot verificado: proceso, health check, webhook y logs OK
[2025-08-01 22:50:19] ✅ Bot verificado: proceso, health check, webhook y logs OK
[2025-08-01 22:51:10] ✅ Bot verificado: proceso, health check, webhook y logs OK
[2025-08-01 22:52:19] ✅ Bot verificado: proceso, health check, webhook y logs OK
[2025-08-01 22:53:10] ✅ Bot verificado: proceso, health check, webhook y logs OK
[2025-08-01 22:54:20] ✅ Bot verificado: proceso, health check, webhook y logs OK
[2025-08-01 22:55:10] ✅ Bot verificado: proceso, health check, webhook y logs OK
[2025-08-01 22:56:20] ✅ Bot verificado: proceso, health check, webhook y logs OK
[2025-08-01 22:57:11] ✅ Bot verificado: proceso, health check, webhook y logs OK
[2025-08-01 22:58:20] ✅ Bot verificado: proceso, health check, webhook y logs OK
[2025-08-01 22:59:11] ✅ Bot verificado: proceso, health check, webhook y logs OK
[2025-08-01 23:00:20] ✅ Bot verificado: proceso, health check, webhook y logs OK
[2025-08-01 23:01:11] ✅ Bot verificado: proceso, health check, webhook y logs OK
[2025-08-01 23:02:21] ✅ Bot verificado: proceso, health check, webhook y logs OK
[2025-08-01 23:03:11] ✅ Bot verificado: proceso, health check, webhook y logs OK
[2025-08-01 23:04:21] ✅ Bot verificado: proceso, health check, webhook y logs OK
[2025-08-01 23:05:11] ✅ Bot verificado: proceso, health check, webhook y logs OK
[2025-08-01 23:06:21] ✅ Bot verificado: proceso, health check, webhook y logs OK
[2025-08-01 23:07:12] ✅ Bot verificado: proceso, health check, webhook y logs OK
[2025-08-01 23:08:21] ✅ Bot verificado: proceso, health check, webhook y logs OK
[2025-08-01 23:09:12] ✅ Bot verificado: proceso, health check, webhook y logs OK
[2025-08-01 23:10:22] ✅ Bot verificado: proceso, health check, webhook y logs OK
[2025-08-01 23:11:12] ✅ Bot verificado: proceso, health check, webhook y logs OK
[2025-08-01 23:12:22] ✅ Bot verificado: proceso, health check, webhook y logs OK
[2025-08-01 23:13:12] ✅ Bot verificado: proceso, health check, webhook y logs OK
[2025-08-01 23:14:22] ✅ Bot verificado: proceso, health check, webhook y logs OK
[2025-08-01 23:15:12] ✅ Bot verificado: proceso, health check, webhook y logs OK
[2025-08-01 23:16:22] ✅ Bot verificado: proceso, health check, webhook y logs OK
[2025-08-01 23:17:13] ✅ Bot verificado: proceso, health check, webhook y logs OK
[2025-08-01 23:18:22] ✅ Bot verificado: proceso, health check, webhook y logs OK
[2025-08-01 23:19:13] ✅ Bot verificado: proceso, health check, webhook y logs OK
[2025-08-01 23:20:23] ✅ Bot verificado: proceso, health check, webhook y logs OK
[2025-08-01 23:21:13] ✅ Bot verificado: proceso, health check, webhook y logs OK
[2025-08-01 23:22:23] ✅ Bot verificado: proceso, health check, webhook y logs OK
[2025-08-01 23:23:13] ✅ Bot verificado: proceso, health check, webhook y logs OK
[2025-08-01 23:24:23] ✅ Bot verificado: proceso, health check, webhook y logs OK
[2025-08-01 23:25:13] ✅ Bot verificado: proceso, health check, webhook y logs OK
[2025-08-01 23:26:23] ✅ Bot verificado: proceso, health check, webhook y logs OK
[2025-08-01 23:27:14] ✅ Bot verificado: proceso, health check, webhook y logs OK
[2025-08-01 23:28:23] ✅ Bot verificado: proceso, health check, webhook y logs OK
[2025-08-01 23:29:14] ✅ Bot verificado: proceso, health check, webhook y logs OK
[2025-08-01 23:30:24] ✅ Bot verificado: proceso, health check, webhook y logs OK
[2025-08-01 23:31:14] ✅ Bot verificado: proceso, health check, webhook y logs OK
[2025-08-01 23:32:24] ✅ Bot verificado: proceso, health check, webhook y logs OK
[2025-08-01 23:33:14] ✅ Bot verificado: proceso, health check, webhook y logs OK
[2025-08-01 23:34:24] ✅ Bot verificado: proceso, health check, webhook y logs OK
[2025-08-01 23:35:15] ✅ Bot verificado: proceso, health check, webhook y logs OK
[2025-08-01 23:36:24] ✅ Bot verificado: proceso, health check, webhook y logs OK
[2025-08-01 23:37:15] ✅ Bot verificado: proceso, health check, webhook y logs OK
[2025-08-01 23:38:24] ✅ Bot verificado: proceso, health check, webhook y logs OK
[2025-08-01 23:39:15] ✅ Bot verificado: proceso, health check, webhook y logs OK
[2025-08-01 23:40:25] ✅ Bot verificado: proceso, health check, webhook y logs OK
[2025-08-01 23:41:15] ✅ Bot verificado: proceso, health check, webhook y logs OK
[2025-08-01 23:42:25] ✅ Bot verificado: proceso, health check, webhook y logs OK
[2025-08-01 23:43:15] ✅ Bot verificado: proceso, health check, webhook y logs OK
[2025-08-01 23:44:25] ✅ Bot verificado: proceso, health check, webhook y logs OK
[2025-08-01 23:45:16] ✅ Bot verificado: proceso, health check, webhook y logs OK
[2025-08-01 23:46:25] ✅ Bot verificado: proceso, health check, webhook y logs OK
[2025-08-01 23:47:16] ✅ Bot verificado: proceso, health check, webhook y logs OK
[2025-08-01 23:48:25] ✅ Bot verificado: proceso, health check, webhook y logs OK
[2025-08-01 23:49:16] ✅ Bot verificado: proceso, health check, webhook y logs OK
[2025-08-01 23:50:25] ✅ Bot verificado: proceso, health check, webhook y logs OK
[2025-08-01 23:51:16] ✅ Bot verificado: proceso, health check, webhook y logs OK
[2025-08-01 23:52:26] ✅ Bot verificado: proceso, health check, webhook y logs OK
[2025-08-01 23:53:16] ✅ Bot verificado: proceso, health check, webhook y logs OK
[2025-08-01 23:54:26] ✅ Bot verificado: proceso, health check, webhook y logs OK
[2025-08-01 23:55:16] ✅ Bot verificado: proceso, health check, webhook y logs OK
[2025-08-01 23:56:26] ✅ Bot verificado: proceso, health check, webhook y logs OK
[2025-08-01 23:57:17] ✅ Bot verificado: proceso, health check, webhook y logs OK
[2025-08-01 23:58:26] ✅ Bot verificado: proceso, health check, webhook y logs OK
[2025-08-01 23:59:17] ✅ Bot verificado: proceso, health check, webhook y logs OK
[2025-08-02 00:00:26] ✅ Bot verificado: proceso, health check, webhook y logs OK
[2025-08-02 00:01:17] ✅ Bot verificado: proceso, health check, webhook y logs OK
[2025-08-02 00:02:27] ✅ Bot verificado: proceso, health check, webhook y logs OK
[2025-08-02 00:03:17] ✅ Bot verificado: proceso, health check, webhook y logs OK
[2025-08-02 00:04:27] ✅ Bot verificado: proceso, health check, webhook y logs OK
[2025-08-02 00:05:17] ✅ Bot verificado: proceso, health check, webhook y logs OK
[2025-08-02 00:06:27] ✅ Bot verificado: proceso, health check, webhook y logs OK
[2025-08-02 00:07:18] ✅ Bot verificado: proceso, health check, webhook y logs OK
[2025-08-02 00:08:27] ✅ Bot verificado: proceso, health check, webhook y logs OK
[2025-08-02 00:09:18] ✅ Bot verificado: proceso, health check, webhook y logs OK
[2025-08-02 00:10:28] ✅ Bot verificado: proceso, health check, webhook y logs OK
[2025-08-02 00:11:18] ✅ Bot verificado: proceso, health check, webhook y logs OK
[2025-08-02 00:12:28] ✅ Bot verificado: proceso, health check, webhook y logs OK
[2025-08-02 00:13:18] ✅ Bot verificado: proceso, health check, webhook y logs OK
[2025-08-02 00:14:28] ✅ Bot verificado: proceso, health check, webhook y logs OK
[2025-08-02 00:15:19] ✅ Bot verificado: proceso, health check, webhook y logs OK
[2025-08-02 00:16:28] ✅ Bot verificado: proceso, health check, webhook y logs OK
[2025-08-02 00:17:19] ✅ Bot verificado: proceso, health check, webhook y logs OK
[2025-08-02 00:18:28] ✅ Bot verificado: proceso, health check, webhook y logs OK
[2025-08-02 00:19:19] ✅ Bot verificado: proceso, health check, webhook y logs OK
[2025-08-02 00:20:29] ✅ Bot verificado: proceso, health check, webhook y logs OK
[2025-08-02 00:21:19] ✅ Bot verificado: proceso, health check, webhook y logs OK
[2025-08-02 00:22:29] ✅ Bot verificado: proceso, health check, webhook y logs OK
[2025-08-02 00:23:19] ✅ Bot verificado: proceso, health check, webhook y logs OK
[2025-08-02 00:24:34] ✅ Bot verificado: proceso, health check, webhook y logs OK
[2025-08-02 00:25:20] ✅ Bot verificado: proceso, health check, webhook y logs OK
[2025-08-02 00:26:34] ✅ Bot verificado: proceso, health check, webhook y logs OK
[2025-08-02 00:27:20] ✅ Bot verificado: proceso, health check, webhook y logs OK
[2025-08-02 00:28:34] ✅ Bot verificado: proceso, health check, webhook y logs OK
[2025-08-02 00:29:20] ✅ Bot verificado: proceso, health check, webhook y logs OK
[2025-08-02 00:30:34] ✅ Bot verificado: proceso, health check, webhook y logs OK
[2025-08-02 00:31:20] ✅ Bot verificado: proceso, health check, webhook y logs OK
[2025-08-02 00:32:35] ✅ Bot verificado: proceso, health check, webhook y logs OK
[2025-08-02 00:33:25] ✅ Bot verificado: proceso, health check, webhook y logs OK
[2025-08-02 00:34:35] ✅ Bot verificado: proceso, health check, webhook y logs OK
[2025-08-02 00:35:26] ✅ Bot verificado: proceso, health check, webhook y logs OK
[2025-08-02 00:36:35] ✅ Bot verificado: proceso, health check, webhook y logs OK
[2025-08-02 00:37:26] ✅ Bot verificado: proceso, health check, webhook y logs OK
[2025-08-02 00:38:35] ✅ Bot verificado: proceso, health check, webhook y logs OK
[2025-08-02 00:39:26] ✅ Bot verificado: proceso, health check, webhook y logs OK
[2025-08-02 00:40:35] ✅ Bot verificado: proceso, health check, webhook y logs OK
[2025-08-02 00:41:26] ✅ Bot verificado: proceso, health check, webhook y logs OK
[2025-08-02 00:42:35] ✅ Bot verificado: proceso, health check, webhook y logs OK
[2025-08-02 00:43:26] ✅ Bot verificado: proceso, health check, webhook y logs OK
[2025-08-02 00:44:36] ✅ Bot verificado: proceso, health check, webhook y logs OK
[2025-08-02 00:45:27] ✅ Bot verificado: proceso, health check, webhook y logs OK
[2025-08-02 00:46:36] ✅ Bot verificado: proceso, health check, webhook y logs OK
[2025-08-02 00:47:27] ✅ Bot verificado: proceso, health check, webhook y logs OK
[2025-08-02 00:48:36] ✅ Bot verificado: proceso, health check, webhook y logs OK
[2025-08-02 00:49:27] ✅ Bot verificado: proceso, health check, webhook y logs OK
[2025-08-02 00:50:36] ✅ Bot verificado: proceso, health check, webhook y logs OK
[2025-08-02 00:51:27] ✅ Bot verificado: proceso, health check, webhook y logs OK
[2025-08-02 00:52:36] ✅ Bot verificado: proceso, health check, webhook y logs OK
[2025-08-02 00:53:27] ✅ Bot verificado: proceso, health check, webhook y logs OK
[2025-08-02 00:54:37] ✅ Bot verificado: proceso, health check, webhook y logs OK
[2025-08-02 00:55:28] ✅ Bot verificado: proceso, health check, webhook y logs OK
[2025-08-02 00:56:37] ✅ Bot verificado: proceso, health check, webhook y logs OK
[2025-08-02 00:57:28] ✅ Bot verificado: proceso, health check, webhook y logs OK
[2025-08-02 00:58:37] ✅ Bot verificado: proceso, health check, webhook y logs OK
[2025-08-02 00:59:28] ✅ Bot verificado: proceso, health check, webhook y logs OK
[2025-08-02 01:00:37] ✅ Bot verificado: proceso, health check, webhook y logs OK
[2025-08-02 01:01:28] ✅ Bot verificado: proceso, health check, webhook y logs OK
[2025-08-02 01:02:38] ✅ Bot verificado: proceso, health check, webhook y logs OK
[2025-08-02 01:03:28] ✅ Bot verificado: proceso, health check, webhook y logs OK
[2025-08-02 01:04:38] ✅ Bot verificado: proceso, health check, webhook y logs OK
[2025-08-02 01:05:29] ✅ Bot verificado: proceso, health check, webhook y logs OK
[2025-08-02 01:06:38] ✅ Bot verificado: proceso, health check, webhook y logs OK
[2025-08-02 01:07:29] ✅ Bot verificado: proceso, health check, webhook y logs OK
[2025-08-02 01:08:38] ✅ Bot verificado: proceso, health check, webhook y logs OK
[2025-08-02 01:09:29] ✅ Bot verificado: proceso, health check, webhook y logs OK
[2025-08-02 01:10:38] ✅ Bot verificado: proceso, health check, webhook y logs OK
[2025-08-02 01:11:29] ✅ Bot verificado: proceso, health check, webhook y logs OK
[2025-08-02 01:12:39] ✅ Bot verificado: proceso, health check, webhook y logs OK
[2025-08-02 01:13:30] ✅ Bot verificado: proceso, health check, webhook y logs OK
[2025-08-02 01:14:39] ✅ Bot verificado: proceso, health check, webhook y logs OK
[2025-08-02 01:15:30] ✅ Bot verificado: proceso, health check, webhook y logs OK
[2025-08-02 01:16:39] ✅ Bot verificado: proceso, health check, webhook y logs OK
[2025-08-02 01:17:30] ✅ Bot verificado: proceso, health check, webhook y logs OK
[2025-08-02 01:18:39] ✅ Bot verificado: proceso, health check, webhook y logs OK
[2025-08-02 01:19:30] ✅ Bot verificado: proceso, health check, webhook y logs OK
[2025-08-02 01:20:40] ✅ Bot verificado: proceso, health check, webhook y logs OK
[2025-08-02 01:21:30] ✅ Bot verificado: proceso, health check, webhook y logs OK
[2025-08-02 01:22:40] ✅ Bot verificado: proceso, health check, webhook y logs OK
[2025-08-02 01:23:31] ✅ Bot verificado: proceso, health check, webhook y logs OK
[2025-08-02 01:24:40] ✅ Bot verificado: proceso, health check, webhook y logs OK
[2025-08-02 01:25:31] ✅ Bot verificado: proceso, health check, webhook y logs OK
[2025-08-02 01:26:40] ✅ Bot verificado: proceso, health check, webhook y logs OK
[2025-08-02 01:27:31] ✅ Bot verificado: proceso, health check, webhook y logs OK
[2025-08-02 01:28:41] ✅ Bot verificado: proceso, health check, webhook y logs OK
[2025-08-02 01:29:31] ✅ Bot verificado: proceso, health check, webhook y logs OK
[2025-08-02 01:30:41] ✅ Bot verificado: proceso, health check, webhook y logs OK
[2025-08-02 01:31:32] ✅ Bot verificado: proceso, health check, webhook y logs OK
[2025-08-02 01:32:41] ✅ Bot verificado: proceso, health check, webhook y logs OK
[2025-08-02 01:33:32] ✅ Bot verificado: proceso, health check, webhook y logs OK
[2025-08-02 01:34:41] ✅ Bot verificado: proceso, health check, webhook y logs OK
[2025-08-02 01:35:32] ✅ Bot verificado: proceso, health check, webhook y logs OK
[2025-08-02 01:36:41] ✅ Bot verificado: proceso, health check, webhook y logs OK
[2025-08-02 01:37:32] ✅ Bot verificado: proceso, health check, webhook y logs OK
[2025-08-02 01:38:42] ✅ Bot verificado: proceso, health check, webhook y logs OK
[2025-08-02 01:39:33] ✅ Bot verificado: proceso, health check, webhook y logs OK
[2025-08-02 01:40:42] ✅ Bot verificado: proceso, health check, webhook y logs OK
[2025-08-02 01:41:33] ✅ Bot verificado: proceso, health check, webhook y logs OK
[2025-08-02 01:42:42] ✅ Bot verificado: proceso, health check, webhook y logs OK
[2025-08-02 01:43:33] ✅ Bot verificado: proceso, health check, webhook y logs OK
[2025-08-02 01:44:42] ✅ Bot verificado: proceso, health check, webhook y logs OK
[2025-08-02 01:45:33] ✅ Bot verificado: proceso, health check, webhook y logs OK
[2025-08-02 01:46:43] ✅ Bot verificado: proceso, health check, webhook y logs OK
[2025-08-02 01:47:34] ✅ Bot verificado: proceso, health check, webhook y logs OK
[2025-08-02 01:48:43] ✅ Bot verificado: proceso, health check, webhook y logs OK
[2025-08-02 01:49:34] ✅ Bot verificado: proceso, health check, webhook y logs OK
[2025-08-02 01:50:43] ✅ Bot verificado: proceso, health check, webhook y logs OK
[2025-08-02 01:51:34] ✅ Bot verificado: proceso, health check, webhook y logs OK
[2025-08-02 01:52:43] ✅ Bot verificado: proceso, health check, webhook y logs OK
[2025-08-02 01:53:34] ✅ Bot verificado: proceso, health check, webhook y logs OK
[2025-08-02 01:54:43] ✅ Bot verificado: proceso, health check, webhook y logs OK
[2025-08-02 01:55:34] ✅ Bot verificado: proceso, health check, webhook y logs OK
[2025-08-02 01:56:43] ✅ Bot verificado: proceso, health check, webhook y logs OK
[2025-08-02 01:57:34] ✅ Bot verificado: proceso, health check, webhook y logs OK
[2025-08-02 01:58:44] ✅ Bot verificado: proceso, health check, webhook y logs OK
[2025-08-02 01:59:35] ✅ Bot verificado: proceso, health check, webhook y logs OK
[2025-08-02 02:00:44] ✅ Bot verificado: proceso, health check, webhook y logs OK
[2025-08-02 02:01:35] ✅ Bot verificado: proceso, health check, webhook y logs OK
[2025-08-02 02:02:44] ✅ Bot verificado: proceso, health check, webhook y logs OK
[2025-08-02 02:03:35] ✅ Bot verificado: proceso, health check, webhook y logs OK
[2025-08-02 02:04:44] ✅ Bot verificado: proceso, health check, webhook y logs OK
[2025-08-02 02:05:35] ✅ Bot verificado: proceso, health check, webhook y logs OK
[2025-08-02 02:06:44] ✅ Bot verificado: proceso, health check, webhook y logs OK
[2025-08-02 02:07:35] ✅ Bot verificado: proceso, health check, webhook y logs OK
[2025-08-02 02:08:45] ✅ Bot verificado: proceso, health check, webhook y logs OK
[2025-08-02 02:09:36] ✅ Bot verificado: proceso, health check, webhook y logs OK
[2025-08-02 02:10:45] ✅ Bot verificado: proceso, health check, webhook y logs OK
[2025-08-02 02:11:36] ✅ Bot verificado: proceso, health check, webhook y logs OK
[2025-08-02 02:12:45] ✅ Bot verificado: proceso, health check, webhook y logs OK
[2025-08-02 02:13:36] ✅ Bot verificado: proceso, health check, webhook y logs OK
[2025-08-02 02:14:45] ✅ Bot verificado: proceso, health check, webhook y logs OK
[2025-08-02 02:15:36] ✅ Bot verificado: proceso, health check, webhook y logs OK
[2025-08-02 02:16:45] ✅ Bot verificado: proceso, health check, webhook y logs OK
[2025-08-02 02:17:36] ✅ Bot verificado: proceso, health check, webhook y logs OK
[2025-08-02 02:18:46] ✅ Bot verificado: proceso, health check, webhook y logs OK
[2025-08-02 02:19:37] ✅ Bot verificado: proceso, health check, webhook y logs OK
[2025-08-02 02:20:46] ✅ Bot verificado: proceso, health check, webhook y logs OK
[2025-08-02 02:21:37] ✅ Bot verificado: proceso, health check, webhook y logs OK
[2025-08-02 02:22:46] ✅ Bot verificado: proceso, health check, webhook y logs OK
[2025-08-02 02:23:37] ✅ Bot verificado: proceso, health check, webhook y logs OK
[2025-08-02 02:24:46] ✅ Bot verificado: proceso, health check, webhook y logs OK
[2025-08-02 02:25:37] ✅ Bot verificado: proceso, health check, webhook y logs OK
[2025-08-02 02:26:46] ✅ Bot verificado: proceso, health check, webhook y logs OK
[2025-08-02 02:27:38] ✅ Bot verificado: proceso, health check, webhook y logs OK
[2025-08-02 02:28:47] ✅ Bot verificado: proceso, health check, webhook y logs OK
[2025-08-02 02:29:38] ✅ Bot verificado: proceso, health check, webhook y logs OK
[2025-08-02 02:30:47] ✅ Bot verificado: proceso, health check, webhook y logs OK
[2025-08-02 02:31:38] ✅ Bot verificado: proceso, health check, webhook y logs OK
[2025-08-02 02:32:47] ✅ Bot verificado: proceso, health check, webhook y logs OK
[2025-08-02 02:33:38] ✅ Bot verificado: proceso, health check, webhook y logs OK
[2025-08-02 02:34:47] ✅ Bot verificado: proceso, health check, webhook y logs OK
[2025-08-02 02:35:38] ✅ Bot verificado: proceso, health check, webhook y logs OK
[2025-08-02 02:36:47] ✅ Bot verificado: proceso, health check, webhook y logs OK
[2025-08-02 02:37:38] ✅ Bot verificado: proceso, health check, webhook y logs OK
[2025-08-02 02:38:48] ✅ Bot verificado: proceso, health check, webhook y logs OK
[2025-08-02 02:39:39] ✅ Bot verificado: proceso, health check, webhook y logs OK
[2025-08-02 02:40:48] ✅ Bot verificado: proceso, health check, webhook y logs OK
[2025-08-02 02:41:39] ✅ Bot verificado: proceso, health check, webhook y logs OK
[2025-08-02 02:42:48] ✅ Bot verificado: proceso, health check, webhook y logs OK
[2025-08-02 02:43:39] ✅ Bot verificado: proceso, health check, webhook y logs OK
[2025-08-02 02:44:48] ✅ Bot verificado: proceso, health check, webhook y logs OK
[2025-08-02 02:45:39] ✅ Bot verificado: proceso, health check, webhook y logs OK
[2025-08-02 02:46:48] ✅ Bot verificado: proceso, health check, webhook y logs OK
[2025-08-02 02:47:40] ✅ Bot verificado: proceso, health check, webhook y logs OK
[2025-08-02 02:48:49] ✅ Bot verificado: proceso, health check, webhook y logs OK
[2025-08-02 02:49:40] ✅ Bot verificado: proceso, health check, webhook y logs OK
[2025-08-02 02:50:49] ✅ Bot verificado: proceso, health check, webhook y logs OK
[2025-08-02 02:51:40] ✅ Bot verificado: proceso, health check, webhook y logs OK
[2025-08-02 02:52:49] ✅ Bot verificado: proceso, health check, webhook y logs OK
[2025-08-02 02:53:40] ✅ Bot verificado: proceso, health check, webhook y logs OK
[2025-08-02 02:54:49] ✅ Bot verificado: proceso, health check, webhook y logs OK
[2025-08-02 02:55:40] ✅ Bot verificado: proceso, health check, webhook y logs OK
[2025-08-02 02:56:49] ✅ Bot verificado: proceso, health check, webhook y logs OK
[2025-08-02 02:57:40] ✅ Bot verificado: proceso, health check, webhook y logs OK
[2025-08-02 02:58:49] ✅ Bot verificado: proceso, health check, webhook y logs OK
[2025-08-02 02:59:40] ✅ Bot verificado: proceso, health check, webhook y logs OK
[2025-08-02 03:00:50] ✅ Bot verificado: proceso, health check, webhook y logs OK
[2025-08-02 03:01:41] ✅ Bot verificado: proceso, health check, webhook y logs OK
[2025-08-02 03:02:50] ✅ Bot verificado: proceso, health check, webhook y logs OK
[2025-08-02 03:03:41] ✅ Bot verificado: proceso, health check, webhook y logs OK
[2025-08-02 03:04:50] ✅ Bot verificado: proceso, health check, webhook y logs OK
[2025-08-02 03:05:41] ✅ Bot verificado: proceso, health check, webhook y logs OK
[2025-08-02 03:06:51] ✅ Bot verificado: proceso, health check, webhook y logs OK
[2025-08-02 03:07:41] ✅ Bot verificado: proceso, health check, webhook y logs OK
[2025-08-02 03:08:51] ✅ Bot verificado: proceso, health check, webhook y logs OK
[2025-08-02 03:09:41] ✅ Bot verificado: proceso, health check, webhook y logs OK
[2025-08-02 03:10:51] ✅ Bot verificado: proceso, health check, webhook y logs OK
[2025-08-02 03:11:42] ✅ Bot verificado: proceso, health check, webhook y logs OK
[2025-08-02 03:12:51] ✅ Bot verificado: proceso, health check, webhook y logs OK
[2025-08-02 03:13:42] ✅ Bot verificado: proceso, health check, webhook y logs OK
[2025-08-02 03:14:51] ✅ Bot verificado: proceso, health check, webhook y logs OK
[2025-08-02 03:15:42] ✅ Bot verificado: proceso, health check, webhook y logs OK
[2025-08-02 03:16:52] ✅ Bot verificado: proceso, health check, webhook y logs OK
[2025-08-02 03:17:42] ✅ Bot verificado: proceso, health check, webhook y logs OK
[2025-08-02 03:18:52] ✅ Bot verificado: proceso, health check, webhook y logs OK
[2025-08-02 03:19:42] ✅ Bot verificado: proceso, health check, webhook y logs OK
[2025-08-02 03:20:52] ✅ Bot verificado: proceso, health check, webhook y logs OK
[2025-08-02 03:21:42] ✅ Bot verificado: proceso, health check, webhook y logs OK
[2025-08-02 03:22:52] ✅ Bot verificado: proceso, health check, webhook y logs OK
[2025-08-02 03:23:43] ✅ Bot verificado: proceso, health check, webhook y logs OK
[2025-08-02 03:24:53] ✅ Bot verificado: proceso, health check, webhook y logs OK
[2025-08-02 03:25:43] ✅ Bot verificado: proceso, health check, webhook y logs OK
[2025-08-02 03:26:53] ✅ Bot verificado: proceso, health check, webhook y logs OK
[2025-08-02 03:27:43] ✅ Bot verificado: proceso, health check, webhook y logs OK
[2025-08-02 03:28:53] ✅ Bot verificado: proceso, health check, webhook y logs OK
[2025-08-02 03:29:43] ✅ Bot verificado: proceso, health check, webhook y logs OK
[2025-08-02 03:30:53] ✅ Bot verificado: proceso, health check, webhook y logs OK
[2025-08-02 03:31:43] ✅ Bot verificado: proceso, health check, webhook y logs OK
[2025-08-02 03:32:54] ✅ Bot verificado: proceso, health check, webhook y logs OK
[2025-08-02 03:33:44] ✅ Bot verificado: proceso, health check, webhook y logs OK
[2025-08-02 03:34:54] ✅ Bot verificado: proceso, health check, webhook y logs OK
[2025-08-02 03:35:44] ✅ Bot verificado: proceso, health check, webhook y logs OK
[2025-08-02 03:36:54] ✅ Bot verificado: proceso, health check, webhook y logs OK
[2025-08-02 03:37:44] ✅ Bot verificado: proceso, health check, webhook y logs OK
[2025-08-02 03:38:54] ✅ Bot verificado: proceso, health check, webhook y logs OK
[2025-08-02 03:39:44] ✅ Bot verificado: proceso, health check, webhook y logs OK
[2025-08-02 03:40:54] ✅ Bot verificado: proceso, health check, webhook y logs OK
[2025-08-02 03:41:44] ✅ Bot verificado: proceso, health check, webhook y logs OK
[2025-08-02 03:42:54] ✅ Bot verificado: proceso, health check, webhook y logs OK
[2025-08-02 03:43:45] ✅ Bot verificado: proceso, health check, webhook y logs OK
[2025-08-02 03:44:55] ✅ Bot verificado: proceso, health check, webhook y logs OK
[2025-08-02 03:45:45] ✅ Bot verificado: proceso, health check, webhook y logs OK
[2025-08-02 03:46:55] ✅ Bot verificado: proceso, health check, webhook y logs OK
[2025-08-02 03:47:45] ✅ Bot verificado: proceso, health check, webhook y logs OK
[2025-08-02 03:48:55] ✅ Bot verificado: proceso, health check, webhook y logs OK
[2025-08-02 03:49:45] ✅ Bot verificado: proceso, health check, webhook y logs OK
[2025-08-02 03:50:55] ✅ Bot verificado: proceso, health check, webhook y logs OK
[2025-08-02 03:51:45] ✅ Bot verificado: proceso, health check, webhook y logs OK
[2025-08-02 03:52:55] ✅ Bot verificado: proceso, health check, webhook y logs OK
[2025-08-02 03:53:46] ✅ Bot verificado: proceso, health check, webhook y logs OK
[2025-08-02 03:54:55] ✅ Bot verificado: proceso, health check, webhook y logs OK
[2025-08-02 03:55:46] ✅ Bot verificado: proceso, health check, webhook y logs OK
[2025-08-02 03:56:56] ✅ Bot verificado: proceso, health check, webhook y logs OK
[2025-08-02 03:57:46] ✅ Bot verificado: proceso, health check, webhook y logs OK
[2025-08-02 03:58:56] ✅ Bot verificado: proceso, health check, webhook y logs OK
[2025-08-02 03:59:46] ✅ Bot verificado: proceso, health check, webhook y logs OK
[2025-08-02 04:00:56] ✅ Bot verificado: proceso, health check, webhook y logs OK
[2025-08-02 04:01:46] ✅ Bot verificado: proceso, health check, webhook y logs OK
[2025-08-02 04:02:56] ✅ Bot verificado: proceso, health check, webhook y logs OK
[2025-08-02 04:03:46] ✅ Bot verificado: proceso, health check, webhook y logs OK
[2025-08-02 04:04:56] ✅ Bot verificado: proceso, health check, webhook y logs OK
[2025-08-02 04:05:47] ✅ Bot verificado: proceso, health check, webhook y logs OK
[2025-08-02 04:06:57] ✅ Bot verificado: proceso, health check, webhook y logs OK
[2025-08-02 04:07:47] ✅ Bot verificado: proceso, health check, webhook y logs OK
[2025-08-02 04:08:57] ✅ Bot verificado: proceso, health check, webhook y logs OK
[2025-08-02 04:09:47] ✅ Bot verificado: proceso, health check, webhook y logs OK
[2025-08-02 04:10:57] ✅ Bot verificado: proceso, health check, webhook y logs OK
[2025-08-02 04:11:47] ✅ Bot verificado: proceso, health check, webhook y logs OK
[2025-08-02 04:12:57] ✅ Bot verificado: proceso, health check, webhook y logs OK
[2025-08-02 04:13:47] ✅ Bot verificado: proceso, health check, webhook y logs OK
[2025-08-02 04:14:57] ✅ Bot verificado: proceso, health check, webhook y logs OK
[2025-08-02 04:15:48] ✅ Bot verificado: proceso, health check, webhook y logs OK
[2025-08-02 04:16:57] ✅ Bot verificado: proceso, health check, webhook y logs OK
[2025-08-02 04:17:48] ✅ Bot verificado: proceso, health check, webhook y logs OK
[2025-08-02 04:18:58] ✅ Bot verificado: proceso, health check, webhook y logs OK
[2025-08-02 04:19:48] ✅ Bot verificado: proceso, health check, webhook y logs OK
[2025-08-02 04:20:58] ✅ Bot verificado: proceso, health check, webhook y logs OK
[2025-08-02 04:21:48] ✅ Bot verificado: proceso, health check, webhook y logs OK
[2025-08-02 04:22:58] ✅ Bot verificado: proceso, health check, webhook y logs OK
[2025-08-02 04:23:48] ✅ Bot verificado: proceso, health check, webhook y logs OK
[2025-08-02 04:24:59] ✅ Bot verificado: proceso, health check, webhook y logs OK
[2025-08-02 04:25:49] ✅ Bot verificado: proceso, health check, webhook y logs OK
[2025-08-02 04:26:59] ✅ Bot verificado: proceso, health check, webhook y logs OK
[2025-08-02 04:27:49] ✅ Bot verificado: proceso, health check, webhook y logs OK
[2025-08-02 04:28:59] ✅ Bot verificado: proceso, health check, webhook y logs OK
[2025-08-02 04:29:49] ✅ Bot verificado: proceso, health check, webhook y logs OK
[2025-08-02 04:30:59] ✅ Bot verificado: proceso, health check, webhook y logs OK
[2025-08-02 04:31:49] ✅ Bot verificado: proceso, health check, webhook y logs OK
[2025-08-02 04:32:59] ✅ Bot verificado: proceso, health check, webhook y logs OK
[2025-08-02 04:33:49] ✅ Bot verificado: proceso, health check, webhook y logs OK
[2025-08-02 04:35:00] ✅ Bot verificado: proceso, health check, webhook y logs OK
[2025-08-02 04:35:50] ✅ Bot verificado: proceso, health check, webhook y logs OK
[2025-08-02 04:37:00] ✅ Bot verificado: proceso, health check, webhook y logs OK
[2025-08-02 04:37:50] ✅ Bot verificado: proceso, health check, webhook y logs OK
[2025-08-02 04:39:00] ✅ Bot verificado: proceso, health check, webhook y logs OK
[2025-08-02 04:39:50] ✅ Bot verificado: proceso, health check, webhook y logs OK
[2025-08-02 04:41:00] ✅ Bot verificado: proceso, health check, webhook y logs OK
[2025-08-02 04:41:50] ✅ Bot verificado: proceso, health check, webhook y logs OK
[2025-08-02 04:43:01] ✅ Bot verificado: proceso, health check, webhook y logs OK
[2025-08-02 04:43:50] ✅ Bot verificado: proceso, health check, webhook y logs OK
[2025-08-02 04:45:01] ✅ Bot verificado: proceso, health check, webhook y logs OK
[2025-08-02 04:45:51] ✅ Bot verificado: proceso, health check, webhook y logs OK
[2025-08-02 04:47:01] ✅ Bot verificado: proceso, health check, webhook y logs OK
[2025-08-02 04:47:51] ✅ Bot verificado: proceso, health check, webhook y logs OK
[2025-08-02 04:49:02] ✅ Bot verificado: proceso, health check, webhook y logs OK
[2025-08-02 04:49:51] ✅ Bot verificado: proceso, health check, webhook y logs OK
[2025-08-02 04:51:02] ✅ Bot verificado: proceso, health check, webhook y logs OK
[2025-08-02 04:51:51] ✅ Bot verificado: proceso, health check, webhook y logs OK
[2025-08-02 04:53:02] ✅ Bot verificado: proceso, health check, webhook y logs OK
[2025-08-02 04:53:51] ✅ Bot verificado: proceso, health check, webhook y logs OK
[2025-08-02 04:55:03] ✅ Bot verificado: proceso, health check, webhook y logs OK
[2025-08-02 04:55:52] ✅ Bot verificado: proceso, health check, webhook y logs OK
[2025-08-02 04:57:04] ✅ Bot verificado: proceso, health check, webhook y logs OK
[2025-08-02 04:57:52] ✅ Bot verificado: proceso, health check, webhook y logs OK
[2025-08-02 04:59:04] ✅ Bot verificado: proceso, health check, webhook y logs OK
[2025-08-02 04:59:52] ✅ Bot verificado: proceso, health check, webhook y logs OK
[2025-08-02 05:01:04] ✅ Bot verificado: proceso, health check, webhook y logs OK
[2025-08-02 05:01:52] ✅ Bot verificado: proceso, health check, webhook y logs OK
[2025-08-02 05:03:05] ✅ Bot verificado: proceso, health check, webhook y logs OK
[2025-08-02 05:03:52] ✅ Bot verificado: proceso, health check, webhook y logs OK
[2025-08-02 05:05:05] ✅ Bot verificado: proceso, health check, webhook y logs OK
[2025-08-02 05:05:53] ✅ Bot verificado: proceso, health check, webhook y logs OK
[2025-08-02 05:07:05] ✅ Bot verificado: proceso, health check, webhook y logs OK
[2025-08-02 05:07:53] ✅ Bot verificado: proceso, health check, webhook y logs OK
[2025-08-02 05:09:06] ✅ Bot verificado: proceso, health check, webhook y logs OK
[2025-08-02 05:09:53] ✅ Bot verificado: proceso, health check, webhook y logs OK
[2025-08-02 05:11:06] ✅ Bot verificado: proceso, health check, webhook y logs OK
[2025-08-02 05:11:53] ✅ Bot verificado: proceso, health check, webhook y logs OK
[2025-08-02 05:13:06] ✅ Bot verificado: proceso, health check, webhook y logs OK
[2025-08-02 05:13:53] ✅ Bot verificado: proceso, health check, webhook y logs OK
[2025-08-02 05:15:07] ✅ Bot verificado: proceso, health check, webhook y logs OK
[2025-08-02 05:15:54] ✅ Bot verificado: proceso, health check, webhook y logs OK
[2025-08-02 05:17:07] ✅ Bot verificado: proceso, health check, webhook y logs OK
[2025-08-02 05:17:54] ✅ Bot verificado: proceso, health check, webhook y logs OK
[2025-08-02 05:19:07] ✅ Bot verificado: proceso, health check, webhook y logs OK
[2025-08-02 05:19:54] ✅ Bot verificado: proceso, health check, webhook y logs OK
[2025-08-02 05:21:08] ✅ Bot verificado: proceso, health check, webhook y logs OK
[2025-08-02 05:21:54] ✅ Bot verificado: proceso, health check, webhook y logs OK
[2025-08-02 05:23:08] ✅ Bot verificado: proceso, health check, webhook y logs OK
[2025-08-02 05:23:54] ✅ Bot verificado: proceso, health check, webhook y logs OK
[2025-08-02 05:25:08] ✅ Bot verificado: proceso, health check, webhook y logs OK
[2025-08-02 05:25:55] ✅ Bot verificado: proceso, health check, webhook y logs OK
[2025-08-02 05:27:08] ✅ Bot verificado: proceso, health check, webhook y logs OK
[2025-08-02 05:27:55] ✅ Bot verificado: proceso, health check, webhook y logs OK
[2025-08-02 05:29:09] ✅ Bot verificado: proceso, health check, webhook y logs OK
[2025-08-02 05:29:55] ✅ Bot verificado: proceso, health check, webhook y logs OK
[2025-08-02 05:31:09] ✅ Bot verificado: proceso, health check, webhook y logs OK
[2025-08-02 05:31:55] ✅ Bot verificado: proceso, health check, webhook y logs OK
[2025-08-02 05:33:09] ✅ Bot verificado: proceso, health check, webhook y logs OK
[2025-08-02 05:33:55] ✅ Bot verificado: proceso, health check, webhook y logs OK
[2025-08-02 05:35:09] ✅ Bot verificado: proceso, health check, webhook y logs OK
[2025-08-02 05:35:56] ✅ Bot verificado: proceso, health check, webhook y logs OK
[2025-08-02 05:37:09] ✅ Bot verificado: proceso, health check, webhook y logs OK
[2025-08-02 05:37:56] ✅ Bot verificado: proceso, health check, webhook y logs OK
[2025-08-02 05:39:10] ✅ Bot verificado: proceso, health check, webhook y logs OK
[2025-08-02 05:39:56] ✅ Bot verificado: proceso, health check, webhook y logs OK
[2025-08-02 05:41:10] ✅ Bot verificado: proceso, health check, webhook y logs OK
[2025-08-02 05:41:56] ✅ Bot verificado: proceso, health check, webhook y logs OK
[2025-08-02 05:43:10] ✅ Bot verificado: proceso, health check, webhook y logs OK
[2025-08-02 05:43:56] ✅ Bot verificado: proceso, health check, webhook y logs OK
[2025-08-02 05:45:10] ✅ Bot verificado: proceso, health check, webhook y logs OK
[2025-08-02 05:45:56] ✅ Bot verificado: proceso, health check, webhook y logs OK
[2025-08-02 05:47:10] ✅ Bot verificado: proceso, health check, webhook y logs OK
[2025-08-02 05:47:57] ✅ Bot verificado: proceso, health check, webhook y logs OK
[2025-08-02 05:49:11] ✅ Bot verificado: proceso, health check, webhook y logs OK
[2025-08-02 05:49:57] ✅ Bot verificado: proceso, health check, webhook y logs OK
[2025-08-02 05:51:11] ✅ Bot verificado: proceso, health check, webhook y logs OK
[2025-08-02 05:51:57] ✅ Bot verificado: proceso, health check, webhook y logs OK
[2025-08-02 05:53:11] ✅ Bot verificado: proceso, health check, webhook y logs OK
[2025-08-02 05:53:57] ✅ Bot verificado: proceso, health check, webhook y logs OK
[2025-08-02 05:55:11] ✅ Bot verificado: proceso, health check, webhook y logs OK
[2025-08-02 05:55:57] ✅ Bot verificado: proceso, health check, webhook y logs OK
[2025-08-02 05:57:11] ✅ Bot verificado: proceso, health check, webhook y logs OK
[2025-08-02 05:57:57] ✅ Bot verificado: proceso, health check, webhook y logs OK
[2025-08-02 05:59:12] ✅ Bot verificado: proceso, health check, webhook y logs OK
[2025-08-02 05:59:58] ✅ Bot verificado: proceso, health check, webhook y logs OK
[2025-08-02 06:01:12] ✅ Bot verificado: proceso, health check, webhook y logs OK
[2025-08-02 06:01:58] ✅ Bot verificado: proceso, health check, webhook y logs OK
[2025-08-02 06:03:12] ✅ Bot verificado: proceso, health check, webhook y logs OK
[2025-08-02 06:03:58] ✅ Bot verificado: proceso, health check, webhook y logs OK
[2025-08-02 06:05:12] ✅ Bot verificado: proceso, health check, webhook y logs OK
[2025-08-02 06:05:58] ✅ Bot verificado: proceso, health check, webhook y logs OK
[2025-08-02 06:07:12] ✅ Bot verificado: proceso, health check, webhook y logs OK
[2025-08-02 06:07:58] ✅ Bot verificado: proceso, health check, webhook y logs OK
[2025-08-02 06:09:13] ✅ Bot verificado: proceso, health check, webhook y logs OK
[2025-08-02 06:09:58] ✅ Bot verificado: proceso, health check, webhook y logs OK
[2025-08-02 06:11:13] ✅ Bot verificado: proceso, health check, webhook y logs OK
[2025-08-02 06:11:59] ✅ Bot verificado: proceso, health check, webhook y logs OK
[2025-08-02 06:13:13] ✅ Bot verificado: proceso, health check, webhook y logs OK
[2025-08-02 06:13:59] ✅ Bot verificado: proceso, health check, webhook y logs OK
[2025-08-02 06:15:13] ✅ Bot verificado: proceso, health check, webhook y logs OK
[2025-08-02 06:15:59] ✅ Bot verificado: proceso, health check, webhook y logs OK
[2025-08-02 06:17:13] ✅ Bot verificado: proceso, health check, webhook y logs OK
[2025-08-02 06:17:59] ✅ Bot verificado: proceso, health check, webhook y logs OK
[2025-08-02 06:19:14] ✅ Bot verificado: proceso, health check, webhook y logs OK
[2025-08-02 06:19:59] ✅ Bot verificado: proceso, health check, webhook y logs OK
[2025-08-02 06:21:14] ✅ Bot verificado: proceso, health check, webhook y logs OK
[2025-08-02 06:22:00] ✅ Bot verificado: proceso, health check, webhook y logs OK
[2025-08-02 06:23:14] ✅ Bot verificado: proceso, health check, webhook y logs OK
[2025-08-02 06:24:00] ✅ Bot verificado: proceso, health check, webhook y logs OK
[2025-08-02 06:25:14] ✅ Bot verificado: proceso, health check, webhook y logs OK
[2025-08-02 06:26:00] ✅ Bot verificado: proceso, health check, webhook y logs OK
[2025-08-02 06:27:14] ✅ Bot verificado: proceso, health check, webhook y logs OK
[2025-08-02 06:28:00] ✅ Bot verificado: proceso, health check, webhook y logs OK
[2025-08-02 06:29:15] ✅ Bot verificado: proceso, health check, webhook y logs OK
[2025-08-02 06:30:00] ✅ Bot verificado: proceso, health check, webhook y logs OK
[2025-08-02 06:31:15] ✅ Bot verificado: proceso, health check, webhook y logs OK
[2025-08-02 06:32:01] ✅ Bot verificado: proceso, health check, webhook y logs OK
[2025-08-02 06:33:15] ✅ Bot verificado: proceso, health check, webhook y logs OK
[2025-08-02 06:34:01] ✅ Bot verificado: proceso, health check, webhook y logs OK
[2025-08-02 06:35:16] ✅ Bot verificado: proceso, health check, webhook y logs OK
[2025-08-02 06:36:01] ✅ Bot verificado: proceso, health check, webhook y logs OK
[2025-08-02 06:37:16] ✅ Bot verificado: proceso, health check, webhook y logs OK
[2025-08-02 06:38:02] ✅ Bot verificado: proceso, health check, webhook y logs OK
[2025-08-02 06:39:16] ✅ Bot verificado: proceso, health check, webhook y logs OK
[2025-08-02 06:40:02] ✅ Bot verificado: proceso, health check, webhook y logs OK
[2025-08-02 06:41:16] ✅ Bot verificado: proceso, health check, webhook y logs OK
[2025-08-02 06:42:03] ✅ Bot verificado: proceso, health check, webhook y logs OK
