2025-07-11 22:53:34,212 - INFO - AutoSender iniciado
2025-07-11 22:53:34,212 - ERROR - Error en main loop: Cursor needed to be reset because of commit/rollback and can no longer be fetched from.
2025-07-12 06:25:06,681 - INFO - AutoSender iniciado
2025-07-12 06:30:06,654 - INFO - AutoSender iniciado
2025-07-11 23:35:04,074 - INFO - AutoSender iniciado
2025-07-11 23:35:04,075 - ERROR - Error en main loop: Cursor needed to be reset because of commit/rollback and can no longer be fetched from.
2025-07-12 06:35:31,731 - INFO - AutoSender iniciado
2025-07-12 06:40:31,578 - INFO - AutoSender iniciado
2025-07-12 06:45:17,792 - INFO - AutoSender iniciado
2025-07-12 06:50:08,554 - INFO - AutoSender iniciado
2025-07-12 06:50:08,555 - ERROR - Error en main loop: Cursor needed to be reset because of commit/rollback and can no longer be fetched from.
2025-07-11 23:50:28,464 - INFO - AutoSender iniciado
2025-07-11 23:50:28,465 - ERROR - Error en main loop: Cursor needed to be reset because of commit/rollback and can no longer be fetched from.
2025-07-12 06:55:08,323 - INFO - AutoSender iniciado
2025-07-12 00:00:13,166 - INFO - AutoSender iniciado
2025-07-12 00:05:06,866 - INFO - AutoSender iniciado
2025-07-12 00:10:08,198 - ERROR - Error en main loop: 'int' object has no attribute 'split'
2025-07-12 00:10:08,199 - INFO - AutoSender iniciado
2025-07-12 00:10:11,451 - INFO - AutoSender iniciado
2025-07-12 00:10:11,452 - ERROR - Error en main loop: Cursor needed to be reset because of commit/rollback and can no longer be fetched from.
2025-07-12 00:15:06,797 - INFO - AutoSender iniciado
2025-07-12 00:30:09,420 - INFO - AutoSender iniciado
2025-07-12 00:35:06,775 - ERROR - Error en main loop: 'int' object has no attribute 'split'
2025-07-12 00:35:06,780 - INFO - AutoSender iniciado
2025-07-12 00:36:30,151 - INFO - AutoSender iniciado
2025-07-12 00:36:30,151 - ERROR - Error en main loop: Cursor needed to be reset because of commit/rollback and can no longer be fetched from.
2025-07-12 00:40:08,567 - ERROR - Error en main loop: 'int' object has no attribute 'split'
2025-07-12 00:40:08,570 - INFO - AutoSender iniciado
2025-07-12 00:45:10,272 - INFO - AutoSender iniciado
2025-07-12 00:50:07,900 - ERROR - Error en main loop: 'int' object has no attribute 'split'
2025-07-12 00:50:07,901 - INFO - AutoSender iniciado
2025-07-12 00:50:56,242 - INFO - AutoSender iniciado
2025-07-12 00:50:56,243 - ERROR - Error en main loop: Cursor needed to be reset because of commit/rollback and can no longer be fetched from.
2025-07-12 00:51:11,649 - ERROR - Error en main loop: 'int' object has no attribute 'split'
2025-07-12 00:51:11,649 - INFO - AutoSender iniciado
2025-07-12 00:55:08,060 - ERROR - Error en main loop: 'int' object has no attribute 'split'
2025-07-12 00:55:08,060 - INFO - AutoSender iniciado
2025-07-12 01:00:06,393 - INFO - AutoSender iniciado
2025-07-12 01:00:13,387 - INFO - AutoSender iniciado
2025-07-12 01:00:13,387 - ERROR - Error en main loop: Cursor needed to be reset because of commit/rollback and can no longer be fetched from.
2025-07-12 01:00:18,439 - INFO - AutoSender iniciado
2025-07-12 01:00:18,440 - ERROR - Error en main loop: Cursor needed to be reset because of commit/rollback and can no longer be fetched from.
2025-07-12 01:00:21,902 - INFO - AutoSender iniciado
2025-07-12 01:00:21,903 - ERROR - Error en main loop: Cursor needed to be reset because of commit/rollback and can no longer be fetched from.
2025-07-12 01:05:08,308 - INFO - AutoSender iniciado
2025-07-12 01:10:31,679 - INFO - AutoSender iniciado
2025-07-12 01:15:07,372 - INFO - AutoSender iniciado
2025-07-12 01:20:33,125 - INFO - AutoSender iniciado
2025-07-12 01:21:35,326 - INFO - Telegram enviado a GRUPO PRUEBA
2025-07-12 01:25:06,893 - INFO - AutoSender iniciado
2025-07-12 01:28:43,018 - INFO - Telegram enviado a GRUPO PRUEBA
2025-07-12 01:40:33,776 - INFO - Telegram enviado a GRUPO PRUEBA
2025-07-12 02:25:09,997 - INFO - Telegram enviado a GRUPO PRUEBA
2025-07-12 02:25:11,263 - INFO - Telegram enviado a Nuevo
2025-07-12 09:00:07,724 - INFO - Telegram enviado a GRUPO PRUEBA
2025-07-12 09:00:08,959 - INFO - Telegram enviado a Nuevo
